#
# There is insufficient memory for the Java Runtime Environment to continue.
# Native memory allocation (mmap) failed to map 973078528 bytes for committing reserved memory.
# Possible reasons:
#   The system is out of physical RAM or swap space
#   The process is running with CompressedOops enabled, and the Java Heap may be blocking the growth of the native heap
# Possible solutions:
#   Reduce memory load on the system
#   Increase physical memory or swap space
#   Check if swap backing store is full
#   Decrease Java heap size (-Xmx/-Xms)
#   Decrease number of Java threads
#   Decrease Java thread stack sizes (-Xss)
#   Set larger code cache with -XX:ReservedCodeCacheSize=
#   JVM is running with Zero Based Compressed Oops mode in which the Java heap is
#     placed in the first 32GB address space. The Java Heap base address is the
#     maximum limit for the native heap growth. Please use -XX:HeapBaseMinAddress
#     to set the Java Heap base and to place the Java Heap above 32GB virtual address.
# This output file may be truncated or incomplete.
#
#  Out of Memory Error (os_linux.cpp:2791), pid=2160, tid=0x00007f90e4ac2700
#
# JRE version: OpenJDK Runtime Environment (8.0_392-b08) (build 1.8.0_392-b08)
# Java VM: OpenJDK 64-Bit Server VM (25.392-b08 mixed mode linux-amd64 compressed oops)
# Failed to write core dump. Core dumps have been disabled. To enable core dumping, try "ulimit -c unlimited" before starting Java again
#

---------------  T H R E A D  ---------------

Current thread (0x00007f91100df800):  VMThread [stack: 0x00007f90e49c3000,0x00007f90e4ac3000] [id=2170]

Stack: [0x00007f90e49c3000,0x00007f90e4ac3000],  sp=0x00007f90e4ac1300,  free space=1016k
Native frames: (J=compiled Java code, j=interpreted, Vv=VM code, C=native code)
V  [libjvm.so+0xb69c5d]  VMError::report_and_die()+0x1cd
V  [libjvm.so+0x50d67a]  report_vm_out_of_memory(char const*, int, unsigned long, VMErrorType, char const*)+0xaa
V  [libjvm.so+0x944e08]  os::pd_commit_memory(char*, unsigned long, unsigned long, bool)+0xd8
V  [libjvm.so+0x93ecce]  os::commit_memory(char*, unsigned long, unsigned long, bool)+0x2e
V  [libjvm.so+0x9bcaab]  PSVirtualSpace::expand_by(unsigned long)+0x5b
V  [libjvm.so+0x9bd780]  PSYoungGen::resize_generation(unsigned long, unsigned long)+0xd0
V  [libjvm.so+0x9bdadb]  PSYoungGen::resize(unsigned long, unsigned long)+0x1b
V  [libjvm.so+0x9b9d27]  PSScavenge::invoke_no_policy()+0xde7
V  [libjvm.so+0x9ba4b8]  PSScavenge::invoke()+0x38
V  [libjvm.so+0x96c6d3]  ParallelScavengeHeap::failed_mem_allocate(unsigned long)+0x63
V  [libjvm.so+0xb6b8b3]  VM_ParallelGCFailedAllocation::doit()+0x93
V  [libjvm.so+0xb70ce5]  VM_Operation::evaluate()+0x55
V  [libjvm.so+0xb6ed0a]  VMThread::evaluate_operation(VM_Operation*)+0x11a
V  [libjvm.so+0xb6f179]  VMThread::loop()+0x219
V  [libjvm.so+0xb6f629]  VMThread::run()+0x89
V  [libjvm.so+0x941db2]  java_start(Thread*)+0xf2

VM_Operation (0x00007f9117ded4d0): ParallelGCFailedAllocation, mode: safepoint, requested by thread 0x00007f911004b800


---------------  P R O C E S S  ---------------

Java Threads: ( => current thread )
  0x00007f9110142000 JavaThread "Service Thread" daemon [_thread_blocked, id=2178, stack(0x00007f90e41ba000,0x00007f90e42bb000)]
  0x00007f911012e800 JavaThread "C1 CompilerThread3" daemon [_thread_blocked, id=2177, stack(0x00007f90e42bc000,0x00007f90e43bc000)]
  0x00007f911012c000 JavaThread "C2 CompilerThread2" daemon [_thread_blocked, id=2176, stack(0x00007f90e43bd000,0x00007f90e44bd000)]
  0x00007f911012a800 JavaThread "C2 CompilerThread1" daemon [_thread_blocked, id=2175, stack(0x00007f90e44be000,0x00007f90e45be000)]
  0x00007f911011b800 JavaThread "C2 CompilerThread0" daemon [_thread_blocked, id=2174, stack(0x00007f90e45bf000,0x00007f90e46bf000)]
  0x00007f9110118000 JavaThread "Signal Dispatcher" daemon [_thread_blocked, id=2173, stack(0x00007f90e46bf000,0x00007f90e47c0000)]
  0x00007f91100ee000 JavaThread "Finalizer" daemon [_thread_blocked, id=2172, stack(0x00007f90e47c0000,0x00007f90e48c1000)]
  0x00007f91100e9000 JavaThread "Reference Handler" daemon [_thread_blocked, id=2171, stack(0x00007f90e48c1000,0x00007f90e49c2000)]
  0x00007f911004b800 JavaThread "main" [_thread_blocked, id=2161, stack(0x00007f9117cf0000,0x00007f9117df0000)]

Other Threads:
=>0x00007f91100df800 VMThread [stack: 0x00007f90e49c3000,0x00007f90e4ac3000] [id=2170]
  0x00007f9110144000 WatcherThread [stack: 0x00007f90e40ba000,0x00007f90e41ba000] [id=2179]

VM state:at safepoint (normal execution)

VM Mutex/Monitor currently owned by a thread:  ([mutex/lock_event])
[0x00007f9110048cb0] Threads_lock - owner thread: 0x00007f91100df800
[0x00007f91100491b0] Heap_lock - owner thread: 0x00007f911004b800

heap address: 0x00000003d3c00000, size: 16068 MB, Compressed Oops mode: Zero based, Oop shift amount: 3
Narrow klass base: 0x0000000000000000, Narrow klass shift: 3
Compressed class space size: 1073741824 Address: 0x00000007c0000000

Heap:
 PSYoungGen      total 1074688K, used 800K [0x0000000671400000, 0x00000006b5700000, 0x00000007c0000000)
  eden space 1032192K, 0% used [0x0000000671400000,0x0000000671400000,0x00000006b0400000)
  from space 42496K, 1% used [0x00000006b0400000,0x00000006b04c8000,0x00000006b2d80000)
  to   space 42496K, 0% used [0x00000006b2d80000,0x00000006b2d80000,0x00000006b5700000)
 ParOldGen       total 687104K, used 16K [0x00000003d3c00000, 0x00000003fdb00000, 0x0000000671400000)
  object space 687104K, 0% used [0x00000003d3c00000,0x00000003d3c04000,0x00000003fdb00000)
 Metaspace       used 5932K, capacity 6140K, committed 6400K, reserved 1056768K
  class space    used 634K, capacity 700K, committed 768K, reserved 1048576K

Card table byte_map: [0x00007f90fecdd000,0x00007f9100c40000] byte_map_base: 0x00007f90fce3f000

Marking Bits: (ParMarkBitMap*) 0x00007f9116fcf640
 Begin Bits: [0x00007f90b89e0000, 0x00007f90c84f0000)
 End Bits:   [0x00007f90c84f0000, 0x00007f90d8000000)

Polling page: 0x00007f9117e1f000

CodeCache: size=245760Kb used=1836Kb max_used=1837Kb free=243923Kb
 bounds [0x00007f9101000000, 0x00007f9101270000, 0x00007f9110000000]
 total_blobs=642 nmethods=352 adapters=203
 compilation: enabled

Compilation events (250 events):
Event: 0.169 Thread 0x00007f911012e800 nmethod 172 0x00007f9101159b90 code [0x00007f9101159d80, 0x00007f910115a848]
Event: 0.169 Thread 0x00007f911012e800  173       3       java.util.zip.ZipFile::ensureOpen (37 bytes)
Event: 0.170 Thread 0x00007f911012e800 nmethod 173 0x00007f9101158f10 code [0x00007f91011590a0, 0x00007f9101159378]
Event: 0.170 Thread 0x00007f911012e800  180       3       java.nio.DirectLongBufferU::get (16 bytes)
Event: 0.170 Thread 0x00007f911012e800 nmethod 180 0x00007f910115b950 code [0x00007f910115bac0, 0x00007f910115bd30]
Event: 0.170 Thread 0x00007f911012e800  182       3       java.nio.DirectLongBufferU::put (18 bytes)
Event: 0.170 Thread 0x00007f911012e800 nmethod 182 0x00007f910115be50 code [0x00007f910115bfc0, 0x00007f910115c230]
Event: 0.170 Thread 0x00007f911012e800  174       3       java.util.zip.ZipCoder::getBytes (192 bytes)
Event: 0.172 Thread 0x00007f911012e800 nmethod 174 0x00007f910115c350 code [0x00007f910115c700, 0x00007f910115e978]
Event: 0.172 Thread 0x00007f911012e800  187       3       java.util.zip.Inflater::ensureOpen (47 bytes)
Event: 0.173 Thread 0x00007f911012e800 nmethod 187 0x00007f9101162b90 code [0x00007f9101162d20, 0x00007f9101163008]
Event: 0.173 Thread 0x00007f911012e800  183       3       java.net.URL::<init> (8 bytes)
Event: 0.173 Thread 0x00007f911012a800 nmethod 156 0x00007f9101163110 code [0x00007f9101163280, 0x00007f9101163778]
Event: 0.173 Thread 0x00007f911012e800 nmethod 183 0x00007f9101158ad0 code [0x00007f9101158c40, 0x00007f9101158dc8]
Event: 0.173 Thread 0x00007f911012e800  175       3       java.util.zip.ZipCoder::encoder (35 bytes)
Event: 0.173 Thread 0x00007f911012e800 nmethod 175 0x00007f9101162190 code [0x00007f9101162340, 0x00007f91011629c8]
Event: 0.173 Thread 0x00007f911012e800  171   !   3       java.util.zip.ZipFile$ZipFileInputStream::close (110 bytes)
Event: 0.173 Thread 0x00007f911012e800 nmethod 171 0x00007f9101161410 code [0x00007f91011615c0, 0x00007f9101161df8]
Event: 0.173 Thread 0x00007f911012e800  178       1       sun.misc.URLClassPath$JarLoader::access$600 (5 bytes)
Event: 0.173 Thread 0x00007f911012e800 nmethod 178 0x00007f9101161150 code [0x00007f91011612a0, 0x00007f9101161390]
Event: 0.173 Thread 0x00007f911012e800  184       1       java.util.jar.Manifest::getEntries (5 bytes)
Event: 0.173 Thread 0x00007f911012e800 nmethod 184 0x00007f9101160e90 code [0x00007f9101160fe0, 0x00007f91011610f0]
Event: 0.173 Thread 0x00007f911012e800  185       1       java.util.jar.Manifest::getMainAttributes (5 bytes)
Event: 0.173 Thread 0x00007f911012e800 nmethod 185 0x00007f9101160bd0 code [0x00007f9101160d20, 0x00007f9101160e30]
Event: 0.173 Thread 0x00007f911012e800  186       1       java.util.jar.JarFile::access$300 (5 bytes)
Event: 0.173 Thread 0x00007f911012e800 nmethod 186 0x00007f9101160910 code [0x00007f9101160a60, 0x00007f9101160b50]
Event: 0.175 Thread 0x00007f911012e800  188       3       java.net.URI$Parser::charAt (9 bytes)
Event: 0.175 Thread 0x00007f911012e800 nmethod 188 0x00007f91011602d0 code [0x00007f9101160460, 0x00007f91011607a8]
Event: 0.175 Thread 0x00007f911012e800  189       3       java.net.URI::access$300 (7 bytes)
Event: 0.175 Thread 0x00007f911012e800 nmethod 189 0x00007f910115fd50 code [0x00007f910115fec0, 0x00007f9101160028]
Event: 0.178 Thread 0x00007f911012e800  191       3       java.lang.Short::<init> (10 bytes)
Event: 0.178 Thread 0x00007f911012e800 nmethod 191 0x00007f9101163d50 code [0x00007f9101163ec0, 0x00007f91011640d0]
Event: 0.178 Thread 0x00007f911012e800  190       3       java.lang.Byte::<init> (10 bytes)
Event: 0.178 Thread 0x00007f911012e800 nmethod 190 0x00007f91011641d0 code [0x00007f9101164340, 0x00007f9101164550]
Event: 0.182 Thread 0x00007f911012e800  195       3       java.util.AbstractCollection::<init> (5 bytes)
Event: 0.182 Thread 0x00007f911012e800 nmethod 195 0x00007f9101165150 code [0x00007f91011652c0, 0x00007f9101165470]
Event: 0.186 Thread 0x00007f911012e800  200       3       java.lang.String::indexOf (166 bytes)
Event: 0.187 Thread 0x00007f911012e800 nmethod 200 0x00007f9101166810 code [0x00007f91011669c0, 0x00007f9101167010]
Event: 0.187 Thread 0x00007f911012e800  198       3       java.lang.AbstractStringBuilder::append (29 bytes)
Event: 0.187 Thread 0x00007f911012e800 nmethod 198 0x00007f9101167550 code [0x00007f9101167700, 0x00007f9101167c38]
Event: 0.187 Thread 0x00007f911012e800  199       3       java.lang.StringBuilder::append (8 bytes)
Event: 0.188 Thread 0x00007f911012e800 nmethod 199 0x00007f9101168050 code [0x00007f9101168200, 0x00007f9101168798]
Event: 0.188 Thread 0x00007f911012e800  203       1       java.lang.Enum::ordinal (5 bytes)
Event: 0.188 Thread 0x00007f911012e800 nmethod 203 0x00007f9101168ad0 code [0x00007f9101168c20, 0x00007f9101168d30]
Event: 0.188 Thread 0x00007f911012e800  205       3       java.lang.invoke.MemberName::testFlags (16 bytes)
Event: 0.188 Thread 0x00007f911012e800 nmethod 205 0x00007f9101168d90 code [0x00007f9101168f00, 0x00007f91011690b0]
Event: 0.188 Thread 0x00007f911012e800  206       3       jdk.internal.org.objectweb.asm.ByteVector::putUTF8 (142 bytes)
Event: 0.189 Thread 0x00007f911012e800 nmethod 206 0x00007f9101169310 code [0x00007f9101169500, 0x00007f9101169cf8]
Event: 0.189 Thread 0x00007f911012e800  207       1       java.lang.invoke.MethodType::returnType (5 bytes)
Event: 0.189 Thread 0x00007f911012e800 nmethod 207 0x00007f910116a190 code [0x00007f910116a2e0, 0x00007f910116a3f0]
Event: 0.189 Thread 0x00007f911012e800  208       1       java.lang.invoke.MemberName::getDeclaringClass (5 bytes)
Event: 0.189 Thread 0x00007f911012e800 nmethod 208 0x00007f910116a450 code [0x00007f910116a5a0, 0x00007f910116a6b0]
Event: 0.189 Thread 0x00007f911012e800  210       3       jdk.internal.org.objectweb.asm.ClassWriter::get (49 bytes)
Event: 0.190 Thread 0x00007f911012e800 nmethod 210 0x00007f910116aa90 code [0x00007f910116ac20, 0x00007f910116afc8]
Event: 0.190 Thread 0x00007f911012e800  209       3       jdk.internal.org.objectweb.asm.Item::set (143 bytes)
Event: 0.190 Thread 0x00007f911012e800 nmethod 209 0x00007f910116b4d0 code [0x00007f910116b6a0, 0x00007f910116bd58]
Event: 0.190 Thread 0x00007f911012e800  212       3       jdk.internal.org.objectweb.asm.ByteVector::putShort (52 bytes)
Event: 0.190 Thread 0x00007f911012e800 nmethod 212 0x00007f910116c010 code [0x00007f910116c180, 0x00007f910116c3c8]
Event: 0.190 Thread 0x00007f911012e800  214       3       jdk.internal.org.objectweb.asm.Item::<init> (66 bytes)
Event: 0.190 Thread 0x00007f911012e800 nmethod 214 0x00007f910116c510 code [0x00007f910116c680, 0x00007f910116c8b0]
Event: 0.190 Thread 0x00007f911012e800  216       3       java.util.Objects::requireNonNull (14 bytes)
Event: 0.191 Thread 0x00007f911012e800 nmethod 216 0x00007f910116c990 code [0x00007f910116cb00, 0x00007f910116cd28]
Event: 0.191 Thread 0x00007f911012e800  215       1       java.lang.invoke.MethodType$ConcurrentWeakInternSet$WeakEntry::hashCode (5 bytes)
Event: 0.191 Thread 0x00007f911012e800 nmethod 215 0x00007f910116ce10 code [0x00007f910116cf60, 0x00007f910116d070]
Event: 0.191 Thread 0x00007f911012e800  217       3       java.lang.invoke.MemberName::isInvocable (7 bytes)
Event: 0.191 Thread 0x00007f911012e800 nmethod 217 0x00007f910116d0d0 code [0x00007f910116d240, 0x00007f910116d510]
Event: 0.191 Thread 0x00007f911012e800  218       3       jdk.internal.org.objectweb.asm.ClassWriter::put (152 bytes)
Event: 0.191 Thread 0x00007f911012e800 nmethod 218 0x00007f910116d610 code [0x00007f910116d7e0, 0x00007f910116df50]
Event: 0.192 Thread 0x00007f911012e800  219       1       java.util.SubList::access$000 (5 bytes)
Event: 0.192 Thread 0x00007f911012e800 nmethod 219 0x00007f910116e310 code [0x00007f910116e460, 0x00007f910116e550]
Event: 0.192 Thread 0x00007f911012e800  220       1       java.util.AbstractList$ListItr::nextIndex (5 bytes)
Event: 0.192 Thread 0x00007f911012e800 nmethod 220 0x00007f910116e5d0 code [0x00007f910116e720, 0x00007f910116e830]
Event: 0.192 Thread 0x00007f911012e800  221       1       java.util.SubList::access$200 (5 bytes)
Event: 0.192 Thread 0x00007f911012e800 nmethod 221 0x00007f910116e890 code [0x00007f910116e9e0, 0x00007f910116ead0]
Event: 0.192 Thread 0x00007f911012e800  222       3       java.util.AbstractList::<init> (10 bytes)
Event: 0.192 Thread 0x00007f911012e800 nmethod 222 0x00007f910116eb50 code [0x00007f910116ecc0, 0x00007f910116eed0]
Event: 0.192 Thread 0x00007f911012e800  223       3       java.lang.Class::getClassLoader (28 bytes)
Event: 0.193 Thread 0x00007f911012e800 nmethod 223 0x00007f910116efd0 code [0x00007f910116f1c0, 0x00007f910116fbb8]
Event: 0.193 Thread 0x00007f911012e800  224       3       java.lang.ClassLoader::loadClass (7 bytes)
Event: 0.193 Thread 0x00007f911012e800 nmethod 224 0x00007f9101170050 code [0x00007f91011701c0, 0x00007f91011703c8]
Event: 0.193 Thread 0x00007f911012e800  226       3       java.lang.String::substring (56 bytes)
Event: 0.193 Thread 0x00007f911012e800 nmethod 226 0x00007f9101170450 code [0x00007f9101170600, 0x00007f91011709a8]
Event: 0.193 Thread 0x00007f911012e800  225       3       sun.misc.Launcher$AppClassLoader::loadClass (85 bytes)
Event: 0.194 Thread 0x00007f911012e800 nmethod 225 0x00007f9101170cd0 code [0x00007f9101170f00, 0x00007f9101171c28]
Event: 0.194 Thread 0x00007f911012e800  227       3       java.lang.reflect.Modifier::isStatic (13 bytes)
Event: 0.194 Thread 0x00007f911012e800 nmethod 227 0x00007f91011720d0 code [0x00007f9101172240, 0x00007f91011723d0]
Event: 0.194 Thread 0x00007f911012e800  229       3       java.lang.invoke.MethodType::hashCode (53 bytes)
Event: 0.195 Thread 0x00007f911012e800 nmethod 229 0x00007f91011725d0 code [0x00007f9101172760, 0x00007f9101172b38]
Event: 0.195 Thread 0x00007f911012e800  232       3       jdk.internal.org.objectweb.asm.ByteVector::putByte (39 bytes)
Event: 0.195 Thread 0x00007f911012e800 nmethod 232 0x00007f9101172cd0 code [0x00007f9101172e40, 0x00007f9101173088]
Event: 0.195 Thread 0x00007f911012e800  230       3       java.lang.invoke.MethodType$ConcurrentWeakInternSet::expungeStaleElements (27 bytes)
Event: 0.195 Thread 0x00007f911012e800 nmethod 230 0x00007f91011733d0 code [0x00007f9101173580, 0x00007f9101173b58]
Event: 0.195 Thread 0x00007f911012e800  233       3       jdk.internal.org.objectweb.asm.ClassWriter::newUTF8 (70 bytes)
Event: 0.195 Thread 0x00007f911012e800 nmethod 233 0x00007f9101173ed0 code [0x00007f91011740a0, 0x00007f91011744f8]
Event: 0.195 Thread 0x00007f911012e800  234       3       java.lang.invoke.MethodTypeForm::canonicalize (233 bytes)
Event: 0.196 Thread 0x00007f911012e800 nmethod 234 0x00007f9101174a10 code [0x00007f9101174c40, 0x00007f91011757d8]
Event: 0.196 Thread 0x00007f911012e800  235       3       java.lang.invoke.MethodType::checkSlotCount (33 bytes)
Event: 0.197 Thread 0x00007f911012e800 nmethod 235 0x00007f9101175b50 code [0x00007f9101175d40, 0x00007f9101176598]
Event: 0.197 Thread 0x00007f911012e800  240       3       java.lang.ref.Reference::<init> (7 bytes)
Event: 0.197 Thread 0x00007f911012e800 nmethod 240 0x00007f9101176910 code [0x00007f9101176a80, 0x00007f9101176d10]
Event: 0.197 Thread 0x00007f911012e800  238       3       java.lang.invoke.MemberName::testAllFlags (7 bytes)
Event: 0.197 Thread 0x00007f911012e800 nmethod 238 0x00007f9101176f90 code [0x00007f9101177100, 0x00007f9101177310]
Event: 0.197 Thread 0x00007f911012e800  242       3       java.util.Arrays::copyOf (46 bytes)
Event: 0.197 Thread 0x00007f911012e800 nmethod 242 0x00007f91011773d0 code [0x00007f9101177580, 0x00007f9101177c08]
Event: 0.197 Thread 0x00007f911012e800  244       1       java.lang.invoke.MethodType::form (5 bytes)
Event: 0.197 Thread 0x00007f911012e800 nmethod 244 0x00007f9101177f90 code [0x00007f91011780e0, 0x00007f91011781f0]
Event: 0.197 Thread 0x00007f911012e800  245       1       java.lang.invoke.MethodType::ptypes (5 bytes)
Event: 0.198 Thread 0x00007f911012e800 nmethod 245 0x00007f91011783d0 code [0x00007f9101178520, 0x00007f9101178630]
Event: 0.198 Thread 0x00007f911012a800  247       4       java.lang.Math::min (11 bytes)
Event: 0.198 Thread 0x00007f911012e800  249       3       java.lang.Object::equals (11 bytes)
Event: 0.198 Thread 0x00007f911012e800 nmethod 249 0x00007f9101178810 code [0x00007f9101178980, 0x00007f9101178b30]
Event: 0.198 Thread 0x00007f911012e800  250       3       jdk.internal.org.objectweb.asm.ByteVector::put12 (64 bytes)
Event: 0.198 Thread 0x00007f911012a800 nmethod 247 0x00007f910117b7d0 code [0x00007f910117b900, 0x00007f910117b938]
Event: 0.198 Thread 0x00007f911012e800 nmethod 250 0x00007f910117b250 code [0x00007f910117b3c0, 0x00007f910117b648]
Event: 0.198 Thread 0x00007f911012e800  251       3       java.lang.ref.WeakReference::<init> (6 bytes)
Event: 0.198 Thread 0x00007f911012e800 nmethod 251 0x00007f910117acd0 code [0x00007f910117ae40, 0x00007f910117b130]
Event: 0.198 Thread 0x00007f911012e800  253       3       java.lang.invoke.MethodType::checkPtype (19 bytes)
Event: 0.198 Thread 0x00007f911012e800 nmethod 253 0x00007f910117a290 code [0x00007f910117a440, 0x00007f910117a818]
Event: 0.198 Thread 0x00007f911012e800  252       1       java.lang.invoke.LambdaForm$Name::index (5 bytes)
Event: 0.199 Thread 0x00007f911012e800 nmethod 252 0x00007f9101179fd0 code [0x00007f910117a120, 0x00007f910117a230]
Event: 0.199 Thread 0x00007f911012e800  256       1       sun.invoke.util.Wrapper::basicTypeChar (5 bytes)
Event: 0.199 Thread 0x00007f911012e800 nmethod 256 0x00007f9101179d10 code [0x00007f9101179e60, 0x00007f9101179f70]
Event: 0.199 Thread 0x00007f911012e800  257       3       java.lang.invoke.MemberName::isConstructor (7 bytes)
Event: 0.199 Thread 0x00007f911012e800 nmethod 257 0x00007f9101179850 code [0x00007f91011799c0, 0x00007f9101179c30]
Event: 0.199 Thread 0x00007f911012e800  258       3       java.lang.invoke.MethodType::makeImpl (66 bytes)
Event: 0.199 Thread 0x00007f911012e800 nmethod 258 0x00007f910117b990 code [0x00007f910117bb80, 0x00007f910117c408]
Event: 0.199 Thread 0x00007f911012e800  261       3       java.lang.invoke.MemberName::getMethodOrFieldType (72 bytes)
Event: 0.201 Thread 0x00007f911012e800 nmethod 261 0x00007f910117c750 code [0x00007f910117ca40, 0x00007f910117e128]
Event: 0.201 Thread 0x00007f911012e800  259       3       java.lang.invoke.MethodType::<init> (15 bytes)
Event: 0.201 Thread 0x00007f911012e800 nmethod 259 0x00007f910117e950 code [0x00007f910117eac0, 0x00007f910117ecb0]
Event: 0.201 Thread 0x00007f911012e800  267       1       java.lang.invoke.LambdaForm$Name::access$000 (5 bytes)
Event: 0.201 Thread 0x00007f911012e800 nmethod 267 0x00007f9101178c90 code [0x00007f9101178de0, 0x00007f9101178ed0]
Event: 0.201 Thread 0x00007f911012e800  266       1       java.lang.invoke.LambdaForm$BasicType::access$100 (5 bytes)
Event: 0.201 Thread 0x00007f911012e800 nmethod 266 0x00007f910117eed0 code [0x00007f910117f020, 0x00007f910117f110]
Event: 0.201 Thread 0x00007f911012e800  264       1       java.lang.invoke.LambdaForm$Name::type (5 bytes)
Event: 0.201 Thread 0x00007f911012e800 nmethod 264 0x00007f910117f310 code [0x00007f910117f460, 0x00007f910117f570]
Event: 0.201 Thread 0x00007f911012e800  268       1       java.lang.invoke.LambdaForm$BasicType::basicTypeClass (5 bytes)
Event: 0.201 Thread 0x00007f911012e800 nmethod 268 0x00007f910117f5d0 code [0x00007f910117f720, 0x00007f910117f830]
Event: 0.201 Thread 0x00007f911012e800  265       1       java.lang.invoke.LambdaForm$BasicType::basicTypeChar (5 bytes)
Event: 0.201 Thread 0x00007f911012e800 nmethod 265 0x00007f910117f890 code [0x00007f910117f9e0, 0x00007f910117faf0]
Event: 0.201 Thread 0x00007f911012e800  274   !   3       java.util.AbstractList$Itr::next (45 bytes)
Event: 0.201 Thread 0x00007f911012e800 nmethod 274 0x00007f910117fb50 code [0x00007f910117fd20, 0x00007f9101180338]
Event: 0.201 Thread 0x00007f911012e800  275       3       java.lang.invoke.LambdaForm$BasicType::basicType (19 bytes)
Event: 0.201 Thread 0x00007f911012e800 nmethod 275 0x00007f9101180610 code [0x00007f91011807a0, 0x00007f9101180b38]
Event: 0.201 Thread 0x00007f911012e800  276       3       java.lang.invoke.MethodType::parameterType (7 bytes)
Event: 0.202 Thread 0x00007f911012e800 nmethod 276 0x00007f9101180e10 code [0x00007f9101180f80, 0x00007f91011810f0]
Event: 0.202 Thread 0x00007f911012e800  277       3       jdk.internal.org.objectweb.asm.Frame::push (110 bytes)
Event: 0.202 Thread 0x00007f911012e800 nmethod 277 0x00007f9101181350 code [0x00007f91011814e0, 0x00007f9101181a08]
Event: 0.202 Thread 0x00007f911012e800  279       3       java.lang.invoke.LambdaForm::argument (27 bytes)
Event: 0.202 Thread 0x00007f911012e800 nmethod 279 0x00007f9101181d50 code [0x00007f9101181ee0, 0x00007f9101182268]
Event: 0.202 Thread 0x00007f911012e800  284       3       java.util.concurrent.ConcurrentHashMap::get (162 bytes)
Event: 0.203 Thread 0x00007f911012e800 nmethod 284 0x00007f91011825d0 code [0x00007f91011827e0, 0x00007f9101183378]
Event: 0.203 Thread 0x00007f911012e800  280  s    3       java.lang.StringBuffer::append (13 bytes)
Event: 0.203 Thread 0x00007f911012e800 nmethod 280 0x00007f9101183ad0 code [0x00007f9101183c80, 0x00007f9101184398]
Event: 0.203 Thread 0x00007f911012e800  283       3       java.util.Arrays$ArrayList::size (6 bytes)
Event: 0.203 Thread 0x00007f911012e800 nmethod 283 0x00007f9101184750 code [0x00007f91011848c0, 0x00007f9101184a30]
Event: 0.203 Thread 0x00007f911012e800  287   !   3       java.lang.invoke.MemberName::getMethodType (208 bytes)
Event: 0.204 Thread 0x00007f911012e800 nmethod 287 0x00007f9101184f50 code [0x00007f9101185200, 0x00007f91011869d8]
Event: 0.204 Thread 0x00007f911012e800  290       3       jdk.internal.org.objectweb.asm.Frame::execute (2252 bytes)
Event: 0.205 Thread 0x00007f911012c000  301       4       java.lang.String::equals (81 bytes)
Event: 0.206 Thread 0x00007f911011b800  305       4       jdk.internal.org.objectweb.asm.ByteVector::putUTF8 (142 bytes)
Event: 0.210 Thread 0x00007f911012e800 nmethod 290 0x00007f9101187f50 code [0x00007f9101188ce0, 0x00007f910118e2d8]
Event: 0.210 Thread 0x00007f911012e800  296       3       jdk.internal.org.objectweb.asm.Type::getType (269 bytes)
Event: 0.210 Thread 0x00007f911012e800 nmethod 296 0x00007f9101191690 code [0x00007f9101191880, 0x00007f9101192190]
Event: 0.210 Thread 0x00007f911012e800  294       3       java.util.Collections$UnmodifiableCollection$1::hasNext (10 bytes)
Event: 0.210 Thread 0x00007f911012e800 nmethod 294 0x00007f9101192590 code [0x00007f9101192700, 0x00007f9101192928]
Event: 0.210 Thread 0x00007f911012e800  297       3       java.lang.invoke.MemberName::isStatic (8 bytes)
Event: 0.210 Thread 0x00007f911012e800 nmethod 297 0x00007f91011929d0 code [0x00007f9101192b40, 0x00007f9101192d50]
Event: 0.210 Thread 0x00007f911012e800  295       3       java.util.Arrays$ArrayList::get (7 bytes)
Event: 0.210 Thread 0x00007f911012e800 nmethod 295 0x00007f9101192e10 code [0x00007f9101192f80, 0x00007f9101193110]
Event: 0.210 Thread 0x00007f911012e800  302       3       jdk.internal.org.objectweb.asm.Item::isEqualTo (354 bytes)
Event: 0.211 Thread 0x00007f911012e800 nmethod 302 0x00007f9101193390 code [0x00007f91011935c0, 0x00007f91011942c8]
Event: 0.211 Thread 0x00007f911012e800  285       1       java.lang.invoke.MethodHandle::type (5 bytes)
Event: 0.211 Thread 0x00007f911012e800 nmethod 285 0x00007f9101194990 code [0x00007f9101194ae0, 0x00007f9101194bf0]
Event: 0.211 Thread 0x00007f911012e800  303       1       java.lang.invoke.MethodTypeForm::erasedType (5 bytes)
Event: 0.211 Thread 0x00007f911012e800 nmethod 303 0x00007f9101194c50 code [0x00007f9101194da0, 0x00007f9101194eb0]
Event: 0.211 Thread 0x00007f911012e800  309       3       java.lang.invoke.MemberName::getReferenceKind (12 bytes)
Event: 0.211 Thread 0x00007f911012e800 nmethod 309 0x00007f9101194f10 code [0x00007f9101195060, 0x00007f91011951d0]
Event: 0.211 Thread 0x00007f911012e800  313       3       jdk.internal.org.objectweb.asm.MethodWriter::visitVarInsn (292 bytes)
Event: 0.211 Thread 0x00007f911011b800 nmethod 305 0x00007f9101198250 code [0x00007f91011983c0, 0x00007f91011987a8]
Event: 0.212 Thread 0x00007f911012e800 nmethod 313 0x00007f91011971d0 code [0x00007f9101197400, 0x00007f9101197e68]
Event: 0.212 Thread 0x00007f911012e800  315       3       java.lang.invoke.InvokerBytecodeGenerator::emitImplicitConversion (159 bytes)
Event: 0.213 Thread 0x00007f911012e800 nmethod 315 0x00007f91011954d0 code [0x00007f91011957a0, 0x00007f9101196a58]
Event: 0.213 Thread 0x00007f911012e800  318       3       jdk.internal.org.objectweb.asm.Type::getArgumentsAndReturnSizes (151 bytes)
Event: 0.213 Thread 0x00007f911012e800 nmethod 318 0x00007f9101198a90 code [0x00007f9101198cc0, 0x00007f9101199a58]
Event: 0.213 Thread 0x00007f911012e800  317       3       jdk.internal.org.objectweb.asm.ClassWriter::addType (39 bytes)
Event: 0.213 Thread 0x00007f911012e800 nmethod 317 0x00007f9101199f90 code [0x00007f910119a120, 0x00007f910119a428]
Event: 0.213 Thread 0x00007f911012e800  319       3       jdk.internal.org.objectweb.asm.Frame::get (46 bytes)
Event: 0.214 Thread 0x00007f911012e800 nmethod 319 0x00007f910119a550 code [0x00007f910119a6c0, 0x00007f910119a910]
Event: 0.214 Thread 0x00007f911012e800  314       3       java.util.AbstractList$Itr::hasNext (20 bytes)
Event: 0.214 Thread 0x00007f911012e800 nmethod 314 0x00007f910119a9d0 code [0x00007f910119ab40, 0x00007f910119adc8]
Event: 0.214 Thread 0x00007f911012e800  322       3       java.lang.invoke.MethodType::checkPtypes (61 bytes)
Event: 0.214 Thread 0x00007f911012e800 nmethod 322 0x00007f910119c390 code [0x00007f910119c5e0, 0x00007f910119d318]
Event: 0.214 Thread 0x00007f911012e800  323       3       java.lang.invoke.InvokerBytecodeGenerator::isStaticallyNameable (116 bytes)
Event: 0.214 Thread 0x00007f911012c000 nmethod 301 0x00007f910119f490 code [0x00007f910119f5e0, 0x00007f910119f858]
Event: 0.216 Thread 0x00007f911012e800 nmethod 323 0x00007f910119f990 code [0x00007f910119fd00, 0x00007f91011a1da8]
Event: 0.216 Thread 0x00007f911012e800  328       3       jdk.internal.org.objectweb.asm.Frame::type (416 bytes)
Event: 0.216 Thread 0x00007f911012e800 nmethod 328 0x00007f91011a2ed0 code [0x00007f91011a3140, 0x00007f91011a42a8]
Event: 0.216 Thread 0x00007f911012e800  320       3       java.lang.invoke.MethodType$ConcurrentWeakInternSet$WeakEntry::<init> (14 bytes)
Event: 0.217 Thread 0x00007f911012e800 nmethod 320 0x00007f910119b890 code [0x00007f910119ba20, 0x00007f910119be48]
Event: 0.217 Thread 0x00007f911012e800  327  s    3       java.lang.StringBuffer::toString (36 bytes)
Event: 0.217 Thread 0x00007f911012e800 nmethod 327 0x00007f910119ed10 code [0x00007f910119eea0, 0x00007f910119f348]
Event: 0.217 Thread 0x00007f911012e800  321       3       java.lang.invoke.MethodType$ConcurrentWeakInternSet::get (54 bytes)
Event: 0.217 Thread 0x00007f911012e800 nmethod 321 0x00007f91011a4990 code [0x00007f91011a4bc0, 0x00007f91011a5878]
Event: 0.217 Thread 0x00007f911012e800  325       3       java.lang.invoke.MethodType::equals (29 bytes)
Event: 0.218 Thread 0x00007f911012e800 nmethod 325 0x00007f910119e510 code [0x00007f910119e6a0, 0x00007f910119ebe8]
Event: 0.218 Thread 0x00007f911012e800  326       3       java.lang.invoke.LambdaForm$NamedFunction::methodType (23 bytes)
Event: 0.218 Thread 0x00007f911012e800 nmethod 326 0x00007f910119afd0 code [0x00007f910119b140, 0x00007f910119b448]
Event: 0.218 Thread 0x00007f911012e800  316       1       java.lang.invoke.LambdaForm::arity (5 bytes)
Event: 0.218 Thread 0x00007f911012e800 nmethod 316 0x00007f910119e250 code [0x00007f910119e3a0, 0x00007f910119e4b0]
Event: 0.219 Thread 0x00007f911012e800  330       3       jdk.internal.org.objectweb.asm.ByteVector::<init> (13 bytes)
Event: 0.219 Thread 0x00007f911012e800 nmethod 330 0x00007f910119ddd0 code [0x00007f910119df40, 0x00007f910119e190]
Event: 0.219 Thread 0x00007f911012e800  331       3       jdk.internal.org.objectweb.asm.ByteVector::enlarge (51 bytes)
Event: 0.219 Thread 0x00007f911012e800 nmethod 331 0x00007f91011a5e10 code [0x00007f91011a5f80, 0x00007f91011a62a8]
Event: 0.220 Thread 0x00007f911012e800  332       3       jdk.internal.org.objectweb.asm.ByteVector::putByteArray (49 bytes)
Event: 0.220 Thread 0x00007f911012e800 nmethod 332 0x00007f91011a6390 code [0x00007f91011a6520, 0x00007f91011a6858]
Event: 0.220 Thread 0x00007f911012e800  333       3       jdk.internal.org.objectweb.asm.ByteVector::putInt (74 bytes)
Event: 0.220 Thread 0x00007f911012e800 nmethod 333 0x00007f91011a6950 code [0x00007f91011a6ac0, 0x00007f91011a6d48]
Event: 0.225 Thread 0x00007f911012e800  336       3       java.lang.String::<init> (15 bytes)
Event: 0.226 Thread 0x00007f911012e800 nmethod 336 0x00007f91011a7290 code [0x00007f91011a7420, 0x00007f91011a7808]
Event: 0.226 Thread 0x00007f911012e800  337       3       java.lang.Character::toChars (43 bytes)
Event: 0.226 Thread 0x00007f911012e800 nmethod 337 0x00007f91011a79d0 code [0x00007f91011a7b80, 0x00007f91011a81c8]
Event: 0.226 Thread 0x00007f911012e800  338       3       java.lang.Character::isBmpCodePoint (13 bytes)
Event: 0.226 Thread 0x00007f911012e800 nmethod 338 0x00007f91011a83d0 code [0x00007f91011a8540, 0x00007f91011a86d0]
Event: 0.226 Thread 0x00007f911012e800  339       3       java.lang.Character::isValidCodePoint (17 bytes)
Event: 0.226 Thread 0x00007f911012e800 nmethod 339 0x00007f91011a8750 code [0x00007f91011a88c0, 0x00007f91011a8a50]
Event: 0.226 Thread 0x00007f911012e800  340       3       java.lang.Character::toSurrogates (17 bytes)
Event: 0.226 Thread 0x00007f911012e800 nmethod 340 0x00007f91011a8ad0 code [0x00007f91011a8c40, 0x00007f91011a8e90]
Event: 0.226 Thread 0x00007f911012e800  341       3       java.lang.Character::lowSurrogate (10 bytes)
Event: 0.226 Thread 0x00007f911012e800 nmethod 341 0x00007f91011a9010 code [0x00007f91011a9160, 0x00007f91011a92b0]
Event: 0.226 Thread 0x00007f911012e800  342       3       java.lang.Character::highSurrogate (9 bytes)
Event: 0.226 Thread 0x00007f911012e800 nmethod 342 0x00007f91011a9310 code [0x00007f91011a9460, 0x00007f91011a95b0]
Event: 0.227 Thread 0x00007f911012c000  343       4       java.lang.String::<init> (15 bytes)
Event: 0.227 Thread 0x00007f911012a800  344       4       java.lang.Character::toChars (43 bytes)
Event: 0.228 Thread 0x00007f911012a800 nmethod 344 0x00007f91011ac310 code [0x00007f91011ac460, 0x00007f91011ac578]
Event: 0.229 Thread 0x00007f911012c000 nmethod 343 0x00007f91011aaa90 code [0x00007f91011aabe0, 0x00007f91011aad38]
Event: 0.242 Thread 0x00007f911012e800  345 % !   3       ChatHandler::handleRequest @ 689 (842 bytes)
Event: 0.252 Thread 0x00007f911012e800 nmethod 345% 0x00007f91011aded0 code [0x00007f91011ae9e0, 0x00007f91011b7028]
Event: 0.252 Thread 0x00007f911012e800  346   !   3       ChatHandler::handleRequest (842 bytes)
Event: 0.258 Thread 0x00007f911012e800 nmethod 346 0x00007f91011bc290 code [0x00007f91011bce80, 0x00007f91011c62f8]
Event: 0.259 Thread 0x00007f911011b800  347 % !   4       ChatHandler::handleRequest @ 689 (842 bytes)
Event: 0.277 Thread 0x00007f911011b800 nmethod 347% 0x00007f91011a9b10 code [0x00007f91011a9cc0, 0x00007f91011aa518]
Event: 0.471 Thread 0x00007f911012e800  348       3       sun.misc.VM::addFinalRefCount (24 bytes)
Event: 0.471 Thread 0x00007f911012e800 nmethod 348 0x00007f91011abf90 code [0x00007f91011ac100, 0x00007f91011ac2b0]
Event: 0.471 Thread 0x00007f911012e800  350   !   3       java.lang.ref.Reference::tryHandlePending (115 bytes)
Event: 0.473 Thread 0x00007f911012e800 nmethod 350 0x00007f91011acad0 code [0x00007f91011acd00, 0x00007f91011ad9c8]
Event: 0.473 Thread 0x00007f911012e800  352       3       java.lang.ref.ReferenceQueue::reallyPoll (65 bytes)
Event: 0.473 Thread 0x00007f911012e800 nmethod 352 0x00007f91011ab890 code [0x00007f91011aba20, 0x00007f91011abeb0]
Event: 0.474 Thread 0x00007f911012e800  351   !   3       java.util.zip.ZipFile$ZipFileInflaterInputStream::close (67 bytes)
Event: 0.475 Thread 0x00007f911012e800 nmethod 351 0x00007f91011cce50 code [0x00007f91011cd020, 0x00007f91011cd858]

GC Heap History (9 events):
Event: 0.464 GC heap before
{Heap before GC invocations=1 (full 0):
 PSYoungGen      total 300544K, used 258048K [0x0000000671400000, 0x0000000686300000, 0x00000007c0000000)
  eden space 258048K, 100% used [0x0000000671400000,0x0000000681000000,0x0000000681000000)
  from space 42496K, 0% used [0x0000000683980000,0x0000000683980000,0x0000000686300000)
  to   space 42496K, 0% used [0x0000000681000000,0x0000000681000000,0x0000000683980000)
 ParOldGen       total 687104K, used 0K [0x00000003d3c00000, 0x00000003fdb00000, 0x0000000671400000)
  object space 687104K, 0% used [0x00000003d3c00000,0x00000003d3c00000,0x00000003fdb00000)
 Metaspace       used 5927K, capacity 6140K, committed 6400K, reserved 1056768K
  class space    used 634K, capacity 700K, committed 768K, reserved 1048576K
Event: 0.469 GC heap after
Heap after GC invocations=1 (full 0):
 PSYoungGen      total 300544K, used 1168K [0x0000000671400000, 0x0000000695f00000, 0x00000007c0000000)
  eden space 258048K, 0% used [0x0000000671400000,0x0000000671400000,0x0000000681000000)
  from space 42496K, 2% used [0x0000000681000000,0x0000000681124010,0x0000000683980000)
  to   space 42496K, 0% used [0x0000000693580000,0x0000000693580000,0x0000000695f00000)
 ParOldGen       total 687104K, used 8K [0x00000003d3c00000, 0x00000003fdb00000, 0x0000000671400000)
  object space 687104K, 0% used [0x00000003d3c00000,0x00000003d3c02000,0x00000003fdb00000)
 Metaspace       used 5927K, capacity 6140K, committed 6400K, reserved 1056768K
  class space    used 634K, capacity 700K, committed 768K, reserved 1048576K
}
Event: 0.558 GC heap before
{Heap before GC invocations=2 (full 0):
 PSYoungGen      total 300544K, used 259216K [0x0000000671400000, 0x0000000695f00000, 0x00000007c0000000)
  eden space 258048K, 100% used [0x0000000671400000,0x0000000681000000,0x0000000681000000)
  from space 42496K, 2% used [0x0000000681000000,0x0000000681124010,0x0000000683980000)
  to   space 42496K, 0% used [0x0000000693580000,0x0000000693580000,0x0000000695f00000)
 ParOldGen       total 687104K, used 8K [0x00000003d3c00000, 0x00000003fdb00000, 0x0000000671400000)
  object space 687104K, 0% used [0x00000003d3c00000,0x00000003d3c02000,0x00000003fdb00000)
 Metaspace       used 5932K, capacity 6140K, committed 6400K, reserved 1056768K
  class space    used 634K, capacity 700K, committed 768K, reserved 1048576K
Event: 0.562 GC heap after
Heap after GC invocations=2 (full 0):
 PSYoungGen      total 558592K, used 768K [0x0000000671400000, 0x0000000695f00000, 0x00000007c0000000)
  eden space 516096K, 0% used [0x0000000671400000,0x0000000671400000,0x0000000690c00000)
  from space 42496K, 1% used [0x0000000693580000,0x0000000693640020,0x0000000695f00000)
  to   space 42496K, 0% used [0x0000000690c00000,0x0000000690c00000,0x0000000693580000)
 ParOldGen       total 687104K, used 16K [0x00000003d3c00000, 0x00000003fdb00000, 0x0000000671400000)
  object space 687104K, 0% used [0x00000003d3c00000,0x00000003d3c04000,0x00000003fdb00000)
 Metaspace       used 5932K, capacity 6140K, committed 6400K, reserved 1056768K
  class space    used 634K, capacity 700K, committed 768K, reserved 1048576K
}
Event: 0.861 GC heap before
{Heap before GC invocations=3 (full 0):
 PSYoungGen      total 558592K, used 516864K [0x0000000671400000, 0x0000000695f00000, 0x00000007c0000000)
  eden space 516096K, 100% used [0x0000000671400000,0x0000000690c00000,0x0000000690c00000)
  from space 42496K, 1% used [0x0000000693580000,0x0000000693640020,0x0000000695f00000)
  to   space 42496K, 0% used [0x0000000690c00000,0x0000000690c00000,0x0000000693580000)
 ParOldGen       total 687104K, used 16K [0x00000003d3c00000, 0x00000003fdb00000, 0x0000000671400000)
  object space 687104K, 0% used [0x00000003d3c00000,0x00000003d3c04000,0x00000003fdb00000)
 Metaspace       used 5932K, capacity 6140K, committed 6400K, reserved 1056768K
  class space    used 634K, capacity 700K, committed 768K, reserved 1048576K
Event: 0.864 GC heap after
Heap after GC invocations=3 (full 0):
 PSYoungGen      total 558592K, used 752K [0x0000000671400000, 0x00000006b5700000, 0x00000007c0000000)
  eden space 516096K, 0% used [0x0000000671400000,0x0000000671400000,0x0000000690c00000)
  from space 42496K, 1% used [0x0000000690c00000,0x0000000690cbc010,0x0000000693580000)
  to   space 42496K, 0% used [0x00000006b2d80000,0x00000006b2d80000,0x00000006b5700000)
 ParOldGen       total 687104K, used 16K [0x00000003d3c00000, 0x00000003fdb00000, 0x0000000671400000)
  object space 687104K, 0% used [0x00000003d3c00000,0x00000003d3c04000,0x00000003fdb00000)
 Metaspace       used 5932K, capacity 6140K, committed 6400K, reserved 1056768K
  class space    used 634K, capacity 700K, committed 768K, reserved 1048576K
}
Event: 1.029 GC heap before
{Heap before GC invocations=4 (full 0):
 PSYoungGen      total 558592K, used 516848K [0x0000000671400000, 0x00000006b5700000, 0x00000007c0000000)
  eden space 516096K, 100% used [0x0000000671400000,0x0000000690c00000,0x0000000690c00000)
  from space 42496K, 1% used [0x0000000690c00000,0x0000000690cbc010,0x0000000693580000)
  to   space 42496K, 0% used [0x00000006b2d80000,0x00000006b2d80000,0x00000006b5700000)
 ParOldGen       total 687104K, used 16K [0x00000003d3c00000, 0x00000003fdb00000, 0x0000000671400000)
  object space 687104K, 0% used [0x00000003d3c00000,0x00000003d3c04000,0x00000003fdb00000)
 Metaspace       used 5932K, capacity 6140K, committed 6400K, reserved 1056768K
  class space    used 634K, capacity 700K, committed 768K, reserved 1048576K
Event: 1.032 GC heap after
Heap after GC invocations=4 (full 0):
 PSYoungGen      total 1074688K, used 752K [0x0000000671400000, 0x00000006b5700000, 0x00000007c0000000)
  eden space 1032192K, 0% used [0x0000000671400000,0x0000000671400000,0x00000006b0400000)
  from space 42496K, 1% used [0x00000006b2d80000,0x00000006b2e3c010,0x00000006b5700000)
  to   space 42496K, 0% used [0x00000006b0400000,0x00000006b0400000,0x00000006b2d80000)
 ParOldGen       total 687104K, used 16K [0x00000003d3c00000, 0x00000003fdb00000, 0x0000000671400000)
  object space 687104K, 0% used [0x00000003d3c00000,0x00000003d3c04000,0x00000003fdb00000)
 Metaspace       used 5932K, capacity 6140K, committed 6400K, reserved 1056768K
  class space    used 634K, capacity 700K, committed 768K, reserved 1048576K
}
Event: 1.625 GC heap before
{Heap before GC invocations=5 (full 0):
 PSYoungGen      total 1074688K, used 1032944K [0x0000000671400000, 0x00000006b5700000, 0x00000007c0000000)
  eden space 1032192K, 100% used [0x0000000671400000,0x00000006b0400000,0x00000006b0400000)
  from space 42496K, 1% used [0x00000006b2d80000,0x00000006b2e3c010,0x00000006b5700000)
  to   space 42496K, 0% used [0x00000006b0400000,0x00000006b0400000,0x00000006b2d80000)
 ParOldGen       total 687104K, used 16K [0x00000003d3c00000, 0x00000003fdb00000, 0x0000000671400000)
  object space 687104K, 0% used [0x00000003d3c00000,0x00000003d3c04000,0x00000003fdb00000)
 Metaspace       used 5932K, capacity 6140K, committed 6400K, reserved 1056768K
  class space    used 634K, capacity 700K, committed 768K, reserved 1048576K

Deoptimization events (1 events):
Event: 0.175 Thread 0x00007f911004b800 Uncommon trap: reason=unstable_if action=reinterpret pc=0x00007f9101150c78 method=java.lang.String.indexOf([CII[CIII)I @ 134

Classes redefined (0 events):
No events

Internal exceptions (5 events):
Event: 0.033 Thread 0x00007f911004b800 Exception <a 'java/lang/NoSuchMethodError': Method sun.misc.Unsafe.defineClass(Ljava/lang/String;[BII)Ljava/lang/Class; name or signature does not match> (0x0000000671407cd8) thrown at [/builddir/build/BUILD/java-1.8.0-openjdk-1.8.0.392.b08-2.el7_9.x86_64
Event: 0.033 Thread 0x00007f911004b800 Exception <a 'java/lang/NoSuchMethodError': Method sun.misc.Unsafe.prefetchRead(Ljava/lang/Object;J)V name or signature does not match> (0x0000000671407fc0) thrown at [/builddir/build/BUILD/java-1.8.0-openjdk-1.8.0.392.b08-2.el7_9.x86_64/shenandoah-jdk8u3
Event: 0.194 Thread 0x00007f911004b800 Exception <a 'java/lang/NoSuchMethodError': java.lang.Object.lambda$codePoints$1()Ljava/util/Spliterator$OfInt;> (0x000000067174c648) thrown at [/builddir/build/BUILD/java-1.8.0-openjdk-1.8.0.392.b08-2.el7_9.x86_64/shenandoah-jdk8u392-b08/hotspot/src/shar
Event: 0.206 Thread 0x00007f911004b800 Exception <a 'java/lang/NoSuchFieldError': method resolution failed> (0x00000006717c1b08) thrown at [/builddir/build/BUILD/java-1.8.0-openjdk-1.8.0.392.b08-2.el7_9.x86_64/shenandoah-jdk8u392-b08/hotspot/src/share/vm/prims/methodHandles.cpp, line 1194]
Event: 0.207 Thread 0x00007f911004b800 Exception <a 'java/lang/NoSuchFieldError': method resolution failed> (0x00000006717cf1f8) thrown at [/builddir/build/BUILD/java-1.8.0-openjdk-1.8.0.392.b08-2.el7_9.x86_64/shenandoah-jdk8u392-b08/hotspot/src/share/vm/prims/methodHandles.cpp, line 1194]

Events (250 events):
Event: 0.177 loading class sun/invoke/util/Wrapper$Format done
Event: 0.177 loading class java/lang/Byte$ByteCache
Event: 0.177 loading class java/lang/Byte$ByteCache done
Event: 0.177 loading class java/lang/Short$ShortCache
Event: 0.178 loading class java/lang/Short$ShortCache done
Event: 0.178 loading class java/lang/Character$CharacterCache
Event: 0.178 loading class java/lang/Character$CharacterCache done
Event: 0.178 loading class sun/invoke/util/VerifyAccess
Event: 0.178 loading class sun/invoke/util/VerifyAccess done
Event: 0.179 loading class sun/invoke/util/ValueConversions
Event: 0.179 loading class sun/invoke/util/ValueConversions done
Event: 0.179 loading class java/lang/invoke/LambdaForm$BasicType
Event: 0.179 loading class java/lang/invoke/LambdaForm$BasicType done
Event: 0.179 loading class java/lang/invoke/LambdaForm$Name
Event: 0.180 loading class java/lang/invoke/LambdaForm$Name done
Event: 0.180 loading class java/lang/invoke/LambdaForm$NamedFunction
Event: 0.180 loading class java/lang/invoke/LambdaForm$NamedFunction done
Event: 0.181 loading class java/lang/invoke/SimpleMethodHandle
Event: 0.181 loading class java/lang/invoke/BoundMethodHandle
Event: 0.181 loading class java/lang/invoke/BoundMethodHandle done
Event: 0.181 loading class java/lang/invoke/SimpleMethodHandle done
Event: 0.181 loading class java/lang/invoke/BoundMethodHandle$SpeciesData
Event: 0.181 loading class java/lang/invoke/BoundMethodHandle$SpeciesData done
Event: 0.181 loading class java/lang/invoke/BoundMethodHandle$Factory
Event: 0.181 loading class java/lang/invoke/BoundMethodHandle$Factory done
Event: 0.181 loading class java/lang/invoke/BoundMethodHandle$Species_L
Event: 0.181 loading class java/lang/invoke/BoundMethodHandle$Species_L done
Event: 0.181 loading class sun/invoke/util/BytecodeDescriptor
Event: 0.181 loading class sun/invoke/util/BytecodeDescriptor done
Event: 0.182 loading class java/lang/invoke/DirectMethodHandle$Lazy
Event: 0.182 loading class java/lang/invoke/DirectMethodHandle$Lazy done
Event: 0.182 loading class java/lang/InstantiationException
Event: 0.182 loading class java/lang/InstantiationException done
Event: 0.182 loading class java/lang/invoke/DirectMethodHandle$Interface
Event: 0.182 loading class java/lang/invoke/DirectMethodHandle$Interface done
Event: 0.182 loading class java/lang/invoke/InvokerBytecodeGenerator
Event: 0.183 loading class java/lang/invoke/InvokerBytecodeGenerator done
Event: 0.183 loading class jdk/internal/org/objectweb/asm/ClassWriter
Event: 0.183 loading class jdk/internal/org/objectweb/asm/ClassVisitor
Event: 0.183 loading class jdk/internal/org/objectweb/asm/ClassVisitor done
Event: 0.183 loading class jdk/internal/org/objectweb/asm/ClassWriter done
Event: 0.183 loading class jdk/internal/org/objectweb/asm/ByteVector
Event: 0.183 loading class jdk/internal/org/objectweb/asm/ByteVector done
Event: 0.183 loading class jdk/internal/org/objectweb/asm/Item
Event: 0.184 loading class jdk/internal/org/objectweb/asm/Item done
Event: 0.184 loading class jdk/internal/org/objectweb/asm/MethodWriter
Event: 0.184 loading class jdk/internal/org/objectweb/asm/MethodVisitor
Event: 0.184 loading class jdk/internal/org/objectweb/asm/MethodVisitor done
Event: 0.184 loading class jdk/internal/org/objectweb/asm/MethodWriter done
Event: 0.184 loading class jdk/internal/org/objectweb/asm/Type
Event: 0.185 loading class jdk/internal/org/objectweb/asm/Type done
Event: 0.185 loading class jdk/internal/org/objectweb/asm/Label
Event: 0.185 loading class jdk/internal/org/objectweb/asm/Label done
Event: 0.185 loading class jdk/internal/org/objectweb/asm/Frame
Event: 0.185 loading class jdk/internal/org/objectweb/asm/Frame done
Event: 0.185 loading class jdk/internal/org/objectweb/asm/AnnotationWriter
Event: 0.185 loading class jdk/internal/org/objectweb/asm/AnnotationVisitor
Event: 0.185 loading class jdk/internal/org/objectweb/asm/AnnotationVisitor done
Event: 0.185 loading class jdk/internal/org/objectweb/asm/AnnotationWriter done
Event: 0.185 loading class java/lang/invoke/MethodHandleImpl$Intrinsic
Event: 0.185 loading class java/lang/invoke/MethodHandleImpl$Intrinsic done
Event: 0.185 loading class java/lang/invoke/InvokerBytecodeGenerator$2
Event: 0.185 loading class java/lang/invoke/InvokerBytecodeGenerator$2 done
Event: 0.185 loading class sun/invoke/util/VerifyType
Event: 0.185 loading class sun/invoke/util/VerifyType done
Event: 0.186 loading class sun/invoke/empty/Empty
Event: 0.186 loading class sun/invoke/empty/Empty done
Event: 0.189 loading class java/lang/invoke/InvokerBytecodeGenerator$CpPatch
Event: 0.189 loading class java/lang/invoke/InvokerBytecodeGenerator$CpPatch done
Event: 0.189 loading class java/lang/invoke/DirectMethodHandle$Accessor
Event: 0.189 loading class java/lang/invoke/DirectMethodHandle$Accessor done
Event: 0.191 loading class java/util/RandomAccessSubList
Event: 0.191 loading class java/util/SubList
Event: 0.191 loading class java/util/SubList done
Event: 0.191 loading class java/util/RandomAccessSubList done
Event: 0.191 loading class java/util/SubList$1
Event: 0.191 loading class java/util/SubList$1 done
Event: 0.192 loading class java/util/AbstractList$ListItr
Event: 0.192 loading class java/util/AbstractList$ListItr done
Event: 0.194 loading class java/util/Spliterator$OfInt
Event: 0.194 loading class java/util/Spliterator$OfPrimitive
Event: 0.194 loading class java/util/Spliterator
Event: 0.194 loading class java/util/Spliterator done
Event: 0.194 loading class java/util/Spliterator$OfPrimitive done
Event: 0.194 loading class java/util/Spliterator$OfInt done
Event: 0.194 loading class java/lang/invoke/DirectMethodHandle$Special
Event: 0.194 loading class java/lang/invoke/DirectMethodHandle$Special done
Event: 0.195 loading class java/lang/invoke/MethodHandleImpl$AsVarargsCollector
Event: 0.195 loading class java/lang/invoke/DelegatingMethodHandle
Event: 0.195 loading class java/lang/invoke/DelegatingMethodHandle done
Event: 0.195 loading class java/lang/invoke/MethodHandleImpl$AsVarargsCollector done
Event: 0.195 loading class java/lang/invoke/WrongMethodTypeException
Event: 0.195 loading class java/lang/invoke/WrongMethodTypeException done
Event: 0.197 loading class java/lang/invoke/MethodHandleImpl$Lazy
Event: 0.197 loading class java/lang/invoke/MethodHandleImpl$Lazy done
Event: 0.197 loading class java/lang/invoke/MethodHandleImpl$IntrinsicMethodHandle
Event: 0.197 loading class java/lang/invoke/MethodHandleImpl$IntrinsicMethodHandle done
Event: 0.206 loading class java/lang/NoSuchFieldError
Event: 0.206 loading class java/lang/NoSuchFieldError done
Event: 0.208 loading class java/lang/invoke/LambdaFormEditor
Event: 0.209 loading class java/lang/invoke/LambdaFormEditor done
Event: 0.209 loading class java/lang/invoke/LambdaFormEditor$Transform$Kind
Event: 0.209 loading class java/lang/invoke/LambdaFormEditor$Transform$Kind done
Event: 0.209 loading class java/lang/invoke/LambdaFormEditor$Transform
Event: 0.209 loading class java/lang/invoke/LambdaFormEditor$Transform done
Event: 0.209 loading class java/lang/invoke/LambdaFormBuffer
Event: 0.209 loading class java/lang/invoke/LambdaFormBuffer done
Event: 0.212 loading class java/lang/invoke/BoundMethodHandle$SpeciesData$1
Event: 0.212 loading class java/lang/invoke/BoundMethodHandle$SpeciesData$1 done
Event: 0.212 loading class java/lang/invoke/BoundMethodHandle$Factory$1
Event: 0.212 loading class java/lang/invoke/BoundMethodHandle$Factory$1 done
Event: 0.212 loading class java/util/concurrent/ConcurrentHashMap$ReservationNode
Event: 0.212 loading class java/util/concurrent/ConcurrentHashMap$ReservationNode done
Event: 0.213 loading class jdk/internal/org/objectweb/asm/FieldWriter
Event: 0.213 loading class jdk/internal/org/objectweb/asm/FieldVisitor
Event: 0.213 loading class jdk/internal/org/objectweb/asm/FieldVisitor done
Event: 0.213 loading class jdk/internal/org/objectweb/asm/FieldWriter done
Event: 0.214 loading class sun/reflect/UnsafeStaticObjectFieldAccessorImpl
Event: 0.214 loading class sun/reflect/UnsafeStaticObjectFieldAccessorImpl done
Event: 0.217 loading class java/lang/invoke/InnerClassLambdaMetafactory
Event: 0.218 loading class java/lang/invoke/AbstractValidatingLambdaMetafactory
Event: 0.218 loading class java/lang/invoke/AbstractValidatingLambdaMetafactory done
Event: 0.218 loading class java/lang/invoke/InnerClassLambdaMetafactory done
Event: 0.218 loading class java/util/PropertyPermission
Event: 0.218 loading class java/util/PropertyPermission done
Event: 0.218 loading class java/security/AccessController$1
Event: 0.218 loading class java/security/AccessController$1 done
Event: 0.218 loading class sun/security/util/SecurityConstants
Event: 0.218 loading class sun/security/util/SecurityConstants done
Event: 0.218 loading class java/net/NetPermission
Event: 0.218 loading class java/net/NetPermission done
Event: 0.218 loading class java/security/SecurityPermission
Event: 0.218 loading class java/security/SecurityPermission done
Event: 0.218 loading class java/net/SocketPermission
Event: 0.218 loading class java/net/SocketPermission done
Event: 0.219 loading class java/security/AllPermissionCollection
Event: 0.219 loading class java/security/AllPermissionCollection done
Event: 0.219 loading class java/lang/invoke/InfoFromMemberName
Event: 0.219 loading class java/lang/invoke/MethodHandleInfo
Event: 0.219 loading class java/lang/invoke/MethodHandleInfo done
Event: 0.219 loading class java/lang/invoke/InfoFromMemberName done
Event: 0.219 loading class java/lang/invoke/InnerClassLambdaMetafactory$ForwardingMethodGenerator
Event: 0.219 loading class java/lang/invoke/TypeConvertingMethodAdapter
Event: 0.219 loading class java/lang/invoke/TypeConvertingMethodAdapter done
Event: 0.219 loading class java/lang/invoke/InnerClassLambdaMetafactory$ForwardingMethodGenerator done
Event: 0.220 loading class java/util/stream/StreamSupport
Event: 0.220 loading class java/util/stream/StreamSupport done
Event: 0.220 loading class java/util/stream/IntPipeline$Head
Event: 0.220 loading class java/util/stream/IntPipeline
Event: 0.220 loading class java/util/stream/IntStream
Event: 0.220 loading class java/util/stream/BaseStream
Event: 0.220 loading class java/util/stream/BaseStream done
Event: 0.220 loading class java/util/stream/IntStream done
Event: 0.220 loading class java/util/stream/AbstractPipeline
Event: 0.221 loading class java/util/stream/PipelineHelper
Event: 0.221 loading class java/util/stream/PipelineHelper done
Event: 0.221 loading class java/util/stream/AbstractPipeline done
Event: 0.221 loading class java/util/stream/IntPipeline done
Event: 0.221 loading class java/util/stream/IntPipeline$Head done
Event: 0.221 loading class java/util/stream/StreamOpFlag
Event: 0.221 loading class java/util/stream/StreamOpFlag done
Event: 0.221 loading class java/util/stream/StreamOpFlag$Type
Event: 0.221 loading class java/util/stream/StreamOpFlag$Type done
Event: 0.221 loading class java/util/stream/StreamOpFlag$MaskBuilder
Event: 0.221 loading class java/util/stream/StreamOpFlag$MaskBuilder done
Event: 0.221 loading class java/util/EnumMap
Event: 0.221 loading class java/util/EnumMap done
Event: 0.221 loading class java/util/EnumMap$1
Event: 0.221 loading class java/util/EnumMap$1 done
Event: 0.222 loading class java/util/function/IntFunction
Event: 0.222 loading class java/util/function/IntFunction done
Event: 0.222 loading class java/lang/invoke/InnerClassLambdaMetafactory$1
Event: 0.222 loading class java/lang/invoke/InnerClassLambdaMetafactory$1 done
Event: 0.223 loading class java/lang/CharSequence$1CodePointIterator
Event: 0.223 loading class java/util/PrimitiveIterator$OfInt
Event: 0.223 loading class java/util/PrimitiveIterator
Event: 0.223 loading class java/util/PrimitiveIterator done
Event: 0.223 loading class java/util/PrimitiveIterator$OfInt done
Event: 0.223 loading class java/lang/CharSequence$1CodePointIterator done
Event: 0.223 loading class java/util/Spliterators
Event: 0.223 loading class java/util/Spliterators done
Event: 0.223 loading class java/util/Spliterators$EmptySpliterator$OfRef
Event: 0.223 loading class java/util/Spliterators$EmptySpliterator
Event: 0.223 loading class java/util/Spliterators$EmptySpliterator done
Event: 0.223 loading class java/util/Spliterators$EmptySpliterator$OfRef done
Event: 0.223 loading class java/util/Spliterators$EmptySpliterator$OfInt
Event: 0.223 loading class java/util/Spliterators$EmptySpliterator$OfInt done
Event: 0.223 loading class java/util/Spliterators$EmptySpliterator$OfLong
Event: 0.223 loading class java/util/Spliterator$OfLong
Event: 0.223 loading class java/util/Spliterator$OfLong done
Event: 0.223 loading class java/util/Spliterators$EmptySpliterator$OfLong done
Event: 0.223 loading class java/util/Spliterators$EmptySpliterator$OfDouble
Event: 0.223 loading class java/util/Spliterator$OfDouble
Event: 0.223 loading class java/util/Spliterator$OfDouble done
Event: 0.223 loading class java/util/Spliterators$EmptySpliterator$OfDouble done
Event: 0.223 loading class java/util/Spliterators$IntIteratorSpliterator
Event: 0.223 loading class java/util/Spliterators$IntIteratorSpliterator done
Event: 0.223 loading class java/util/stream/Nodes
Event: 0.224 loading class java/util/stream/Nodes done
Event: 0.224 loading class java/util/stream/Nodes$EmptyNode$OfRef
Event: 0.224 loading class java/util/stream/Nodes$EmptyNode
Event: 0.224 loading class java/util/stream/Node
Event: 0.224 loading class java/util/stream/Node done
Event: 0.224 loading class java/util/stream/Nodes$EmptyNode done
Event: 0.224 loading class java/util/stream/Nodes$EmptyNode$OfRef done
Event: 0.224 loading class java/util/stream/Nodes$EmptyNode$OfInt
Event: 0.224 loading class java/util/stream/Node$OfInt
Event: 0.224 loading class java/util/stream/Node$OfPrimitive
Event: 0.224 loading class java/util/stream/Node$OfPrimitive done
Event: 0.224 loading class java/util/stream/Node$OfInt done
Event: 0.224 loading class java/util/stream/Nodes$EmptyNode$OfInt done
Event: 0.224 loading class java/util/stream/Nodes$EmptyNode$OfLong
Event: 0.224 loading class java/util/stream/Node$OfLong
Event: 0.224 loading class java/util/stream/Node$OfLong done
Event: 0.224 loading class java/util/stream/Nodes$EmptyNode$OfLong done
Event: 0.224 loading class java/util/stream/Nodes$EmptyNode$OfDouble
Event: 0.224 loading class java/util/stream/Node$OfDouble
Event: 0.224 loading class java/util/stream/Node$OfDouble done
Event: 0.224 loading class java/util/stream/Nodes$EmptyNode$OfDouble done
Event: 0.224 loading class java/util/stream/Nodes$IntSpinedNodeBuilder
Event: 0.224 loading class java/util/stream/Node$Builder$OfInt
Event: 0.224 loading class java/util/stream/Node$Builder
Event: 0.224 loading class java/util/stream/Sink
Event: 0.224 loading class java/util/function/Consumer
Event: 0.224 loading class java/util/function/Consumer done
Event: 0.224 loading class java/util/stream/Sink done
Event: 0.224 loading class java/util/stream/Node$Builder done
Event: 0.224 loading class java/util/stream/Sink$OfInt
Event: 0.224 loading class java/util/function/IntConsumer
Event: 0.224 loading class java/util/function/IntConsumer done
Event: 0.224 loading class java/util/stream/Sink$OfInt done
Event: 0.225 loading class java/util/stream/Node$Builder$OfInt done
Event: 0.225 loading class java/util/stream/SpinedBuffer$OfInt
Event: 0.225 loading class java/util/stream/SpinedBuffer$OfPrimitive
Event: 0.225 loading class java/util/stream/AbstractSpinedBuffer
Event: 0.225 loading class java/util/stream/AbstractSpinedBuffer done
Event: 0.225 loading class java/util/stream/SpinedBuffer$OfPrimitive done
Event: 0.225 loading class java/util/stream/SpinedBuffer$OfInt done
Event: 0.225 loading class java/util/stream/Nodes$IntSpinedNodeBuilder done
Event: 0.277 Thread 0x00007f911004b800 DEOPT PACKING pc=0x00007f91011b64d3 sp=0x00007f9117ded3f0
Event: 0.277 Thread 0x00007f911004b800 DEOPT UNPACKING pc=0x00007f91010474c4 sp=0x00007f9117ded388 mode 0
Event: 0.463 Executing VM operation: ParallelGCFailedAllocation
Event: 0.469 Executing VM operation: ParallelGCFailedAllocation done
Event: 0.558 Executing VM operation: ParallelGCFailedAllocation
Event: 0.562 Executing VM operation: ParallelGCFailedAllocation done
Event: 0.861 Executing VM operation: ParallelGCFailedAllocation
Event: 0.864 Executing VM operation: ParallelGCFailedAllocation done
Event: 1.029 Executing VM operation: ParallelGCFailedAllocation
Event: 1.032 Executing VM operation: ParallelGCFailedAllocation done
Event: 1.625 Executing VM operation: ParallelGCFailedAllocation


Dynamic libraries:
3d3c00000-3fdb00000 rw-p 00000000 00:00 0 
3fdb00000-671400000 ---p 00000000 00:00 0 
671400000-6b5700000 rw-p 00000000 00:00 0 
6ef700000-7c0000000 ---p 00000000 00:00 0 
7c0000000-7c00c0000 rw-p 00000000 00:00 0 
7c00c0000-800000000 ---p 00000000 00:00 0 
55f542932000-55f542933000 r-xp 00000000 fd:02 565203                     /usr/lib/jvm/java-1.8.0-openjdk-1.8.0.392.b08-2.el7_9.x86_64/jre/bin/java
55f542b32000-55f542b33000 r--p 00000000 fd:02 565203                     /usr/lib/jvm/java-1.8.0-openjdk-1.8.0.392.b08-2.el7_9.x86_64/jre/bin/java
55f542b33000-55f542b34000 rw-p 00001000 fd:02 565203                     /usr/lib/jvm/java-1.8.0-openjdk-1.8.0.392.b08-2.el7_9.x86_64/jre/bin/java
55f542f59000-55f542f7a000 rw-p 00000000 00:00 0                          [heap]
7f908c000000-7f908c021000 rw-p 00000000 00:00 0 
7f908c021000-7f9090000000 ---p 00000000 00:00 0 
7f9094000000-7f90941a2000 rw-p 00000000 00:00 0 
7f90941a2000-7f9098000000 ---p 00000000 00:00 0 
7f9098000000-7f9098021000 rw-p 00000000 00:00 0 
7f9098021000-7f909c000000 ---p 00000000 00:00 0 
7f909c000000-7f909c05d000 rw-p 00000000 00:00 0 
7f909c05d000-7f90a0000000 ---p 00000000 00:00 0 
7f90a0000000-7f90a0073000 rw-p 00000000 00:00 0 
7f90a0073000-7f90a4000000 ---p 00000000 00:00 0 
7f90a4000000-7f90a4021000 rw-p 00000000 00:00 0 
7f90a4021000-7f90a8000000 ---p 00000000 00:00 0 
7f90a8000000-7f90a813e000 rw-p 00000000 00:00 0 
7f90a813e000-7f90ac000000 ---p 00000000 00:00 0 
7f90ac000000-7f90ac021000 rw-p 00000000 00:00 0 
7f90ac021000-7f90b0000000 ---p 00000000 00:00 0 
7f90b0000000-7f90b0021000 rw-p 00000000 00:00 0 
7f90b0021000-7f90b4000000 ---p 00000000 00:00 0 
7f90b4000000-7f90b42c4000 rw-p 00000000 00:00 0 
7f90b42c4000-7f90b8000000 ---p 00000000 00:00 0 
7f90b85b4000-7f90b85cc000 r-xp 00000000 fd:02 565239                     /usr/lib/jvm/java-1.8.0-openjdk-1.8.0.392.b08-2.el7_9.x86_64/jre/lib/amd64/libnet.so
7f90b85cc000-7f90b87cb000 ---p 00018000 fd:02 565239                     /usr/lib/jvm/java-1.8.0-openjdk-1.8.0.392.b08-2.el7_9.x86_64/jre/lib/amd64/libnet.so
7f90b87cb000-7f90b87cc000 r--p 00017000 fd:02 565239                     /usr/lib/jvm/java-1.8.0-openjdk-1.8.0.392.b08-2.el7_9.x86_64/jre/lib/amd64/libnet.so
7f90b87cc000-7f90b87cd000 rw-p 00018000 fd:02 565239                     /usr/lib/jvm/java-1.8.0-openjdk-1.8.0.392.b08-2.el7_9.x86_64/jre/lib/amd64/libnet.so
7f90b87cd000-7f90b87df000 r-xp 00000000 fd:02 565240                     /usr/lib/jvm/java-1.8.0-openjdk-1.8.0.392.b08-2.el7_9.x86_64/jre/lib/amd64/libnio.so
7f90b87df000-7f90b89de000 ---p 00012000 fd:02 565240                     /usr/lib/jvm/java-1.8.0-openjdk-1.8.0.392.b08-2.el7_9.x86_64/jre/lib/amd64/libnio.so
7f90b89de000-7f90b89df000 r--p 00011000 fd:02 565240                     /usr/lib/jvm/java-1.8.0-openjdk-1.8.0.392.b08-2.el7_9.x86_64/jre/lib/amd64/libnio.so
7f90b89df000-7f90b89e0000 rw-p 00012000 fd:02 565240                     /usr/lib/jvm/java-1.8.0-openjdk-1.8.0.392.b08-2.el7_9.x86_64/jre/lib/amd64/libnio.so
7f90b89e0000-7f90d8000000 rw-p 00000000 00:00 0 
7f90d8000000-7f90d8021000 rw-p 00000000 00:00 0 
7f90d8021000-7f90dc000000 ---p 00000000 00:00 0 
7f90dc000000-7f90dc021000 rw-p 00000000 00:00 0 
7f90dc021000-7f90e0000000 ---p 00000000 00:00 0 
7f90e0000000-7f90e0021000 rw-p 00000000 00:00 0 
7f90e0021000-7f90e4000000 ---p 00000000 00:00 0 
7f90e4088000-7f90e40b9000 rw-p 00000000 00:00 0 
7f90e40b9000-7f90e40ba000 ---p 00000000 00:00 0 
7f90e40ba000-7f90e41ba000 rw-p 00000000 00:00 0 
7f90e41ba000-7f90e41bd000 ---p 00000000 00:00 0 
7f90e41bd000-7f90e42bb000 rw-p 00000000 00:00 0 
7f90e42bb000-7f90e42bf000 ---p 00000000 00:00 0 
7f90e42bf000-7f90e43bc000 rw-p 00000000 00:00 0 
7f90e43bc000-7f90e43c0000 ---p 00000000 00:00 0 
7f90e43c0000-7f90e44bd000 rw-p 00000000 00:00 0 
7f90e44bd000-7f90e44c1000 ---p 00000000 00:00 0 
7f90e44c1000-7f90e45be000 rw-p 00000000 00:00 0 
7f90e45be000-7f90e45c2000 ---p 00000000 00:00 0 
7f90e45c2000-7f90e46bf000 rw-p 00000000 00:00 0 
7f90e46bf000-7f90e46c2000 ---p 00000000 00:00 0 
7f90e46c2000-7f90e47c0000 rw-p 00000000 00:00 0 
7f90e47c0000-7f90e47c3000 ---p 00000000 00:00 0 
7f90e47c3000-7f90e48c1000 rw-p 00000000 00:00 0 
7f90e48c1000-7f90e48c4000 ---p 00000000 00:00 0 
7f90e48c4000-7f90e49c2000 rw-p 00000000 00:00 0 
7f90e49c2000-7f90e49c3000 ---p 00000000 00:00 0 
7f90e49c3000-7f90e8000000 rw-p 00000000 00:00 0 
7f90e8000000-7f90e8021000 rw-p 00000000 00:00 0 
7f90e8021000-7f90ec000000 ---p 00000000 00:00 0 
7f90ec000000-7f90ec021000 rw-p 00000000 00:00 0 
7f90ec021000-7f90f0000000 ---p 00000000 00:00 0 
7f90f0000000-7f90f0021000 rw-p 00000000 00:00 0 
7f90f0021000-7f90f4000000 ---p 00000000 00:00 0 
7f90f4000000-7f90f4021000 rw-p 00000000 00:00 0 
7f90f4021000-7f90f8000000 ---p 00000000 00:00 0 
7f90f8000000-7f90f8021000 rw-p 00000000 00:00 0 
7f90f8021000-7f90fc000000 ---p 00000000 00:00 0 
7f90fc00c000-7f90fc015000 r--s 00055000 00:28 210653688                  /home/linux/ieng6/oce/7f/k6singh/chat-server-pro/lib/junit-4.13.2.jar
7f90fc015000-7f90fc669000 rw-p 00000000 00:00 0 
7f90fc669000-7f90fc83b000 r--s 044c8000 fd:02 565290                     /usr/lib/jvm/java-1.8.0-openjdk-1.8.0.392.b08-2.el7_9.x86_64/jre/lib/rt.jar
7f90fc83b000-7f90fce31000 rw-p 00000000 00:00 0 
7f90fce31000-7f90fd0b1000 ---p 00000000 00:00 0 
7f90fd0b1000-7f90fd1eb000 rw-p 00000000 00:00 0 
7f90fd1eb000-7f90fd1ec000 ---p 00000000 00:00 0 
7f90fd1ec000-7f90fd2ec000 rw-p 00000000 00:00 0 
7f90fd2ec000-7f90fd2ed000 ---p 00000000 00:00 0 
7f90fd2ed000-7f90fd3ed000 rw-p 00000000 00:00 0 
7f90fd3ed000-7f90fd3ee000 ---p 00000000 00:00 0 
7f90fd3ee000-7f90fd4ee000 rw-p 00000000 00:00 0 
7f90fd4ee000-7f90fd4ef000 ---p 00000000 00:00 0 
7f90fd4ef000-7f90fd5ef000 rw-p 00000000 00:00 0 
7f90fd5ef000-7f90fd5f0000 ---p 00000000 00:00 0 
7f90fd5f0000-7f90fd6f0000 rw-p 00000000 00:00 0 
7f90fd6f0000-7f90fd6f1000 ---p 00000000 00:00 0 
7f90fd6f1000-7f90fd941000 rw-p 00000000 00:00 0 
7f90fd941000-7f90fecdd000 ---p 00000000 00:00 0 
7f90fecdd000-7f90fee2d000 rw-p 00000000 00:00 0 
7f90fee2d000-7f91001c9000 ---p 00000000 00:00 0 
7f91001c9000-7f91003eb000 rw-p 00000000 00:00 0 
7f91003eb000-7f9100c3f000 ---p 00000000 00:00 0 
7f9100c3f000-7f9100c4a000 rw-p 00000000 00:00 0 
7f9100c4a000-7f9101000000 ---p 00000000 00:00 0 
7f9101000000-7f9101270000 rwxp 00000000 00:00 0 
7f9101270000-7f9110000000 ---p 00000000 00:00 0 
7f9110000000-7f91104b2000 rw-p 00000000 00:00 0 
7f91104b2000-7f9114000000 ---p 00000000 00:00 0 
7f9114004000-7f9114046000 rw-p 00000000 00:00 0 
7f9114046000-7f9114047000 ---p 00000000 00:00 0 
7f9114047000-7f9114147000 rw-p 00000000 00:00 0 
7f9114147000-7f9114148000 ---p 00000000 00:00 0 
7f9114148000-7f9114248000 rw-p 00000000 00:00 0 
7f9114248000-7f9114250000 r-xp 00000000 fd:02 565247                     /usr/lib/jvm/java-1.8.0-openjdk-1.8.0.392.b08-2.el7_9.x86_64/jre/lib/amd64/libzip.so
7f9114250000-7f911444f000 ---p 00008000 fd:02 565247                     /usr/lib/jvm/java-1.8.0-openjdk-1.8.0.392.b08-2.el7_9.x86_64/jre/lib/amd64/libzip.so
7f911444f000-7f9114450000 r--p 00007000 fd:02 565247                     /usr/lib/jvm/java-1.8.0-openjdk-1.8.0.392.b08-2.el7_9.x86_64/jre/lib/amd64/libzip.so
7f9114450000-7f9114451000 rw-p 00008000 fd:02 565247                     /usr/lib/jvm/java-1.8.0-openjdk-1.8.0.392.b08-2.el7_9.x86_64/jre/lib/amd64/libzip.so
7f9114451000-7f9114cbc000 r--s 00000000 fd:06 833407                     /var/lib/sss/mc/passwd
7f9114cbc000-7f9114cc4000 r-xp 00000000 fd:02 323802                     /usr/lib64/libnss_sss.so.2
7f9114cc4000-7f9114ec3000 ---p 00008000 fd:02 323802                     /usr/lib64/libnss_sss.so.2
7f9114ec3000-7f9114ec4000 r--p 00007000 fd:02 323802                     /usr/lib64/libnss_sss.so.2
7f9114ec4000-7f9114ec5000 rw-p 00008000 fd:02 323802                     /usr/lib64/libnss_sss.so.2
7f9114ec5000-7f9114ed1000 r-xp 00000000 fd:02 324483                     /usr/lib64/libnss_files-2.17.so
7f9114ed1000-7f91150d0000 ---p 0000c000 fd:02 324483                     /usr/lib64/libnss_files-2.17.so
7f91150d0000-7f91150d1000 r--p 0000b000 fd:02 324483                     /usr/lib64/libnss_files-2.17.so
7f91150d1000-7f91150d2000 rw-p 0000c000 fd:02 324483                     /usr/lib64/libnss_files-2.17.so
7f91150d2000-7f91150d8000 rw-p 00000000 00:00 0 
7f91150d8000-7f9115102000 r-xp 00000000 fd:02 565229                     /usr/lib/jvm/java-1.8.0-openjdk-1.8.0.392.b08-2.el7_9.x86_64/jre/lib/amd64/libjava.so
7f9115102000-7f9115301000 ---p 0002a000 fd:02 565229                     /usr/lib/jvm/java-1.8.0-openjdk-1.8.0.392.b08-2.el7_9.x86_64/jre/lib/amd64/libjava.so
7f9115301000-7f9115302000 r--p 00029000 fd:02 565229                     /usr/lib/jvm/java-1.8.0-openjdk-1.8.0.392.b08-2.el7_9.x86_64/jre/lib/amd64/libjava.so
7f9115302000-7f9115304000 rw-p 0002a000 fd:02 565229                     /usr/lib/jvm/java-1.8.0-openjdk-1.8.0.392.b08-2.el7_9.x86_64/jre/lib/amd64/libjava.so
7f9115304000-7f9115311000 r-xp 00000000 fd:02 565246                     /usr/lib/jvm/java-1.8.0-openjdk-1.8.0.392.b08-2.el7_9.x86_64/jre/lib/amd64/libverify.so
7f9115311000-7f9115510000 ---p 0000d000 fd:02 565246                     /usr/lib/jvm/java-1.8.0-openjdk-1.8.0.392.b08-2.el7_9.x86_64/jre/lib/amd64/libverify.so
7f9115510000-7f9115512000 r--p 0000c000 fd:02 565246                     /usr/lib/jvm/java-1.8.0-openjdk-1.8.0.392.b08-2.el7_9.x86_64/jre/lib/amd64/libverify.so
7f9115512000-7f9115513000 rw-p 0000e000 fd:02 565246                     /usr/lib/jvm/java-1.8.0-openjdk-1.8.0.392.b08-2.el7_9.x86_64/jre/lib/amd64/libverify.so
7f9115513000-7f911551a000 r-xp 00000000 fd:02 324820                     /usr/lib64/librt-2.17.so
7f911551a000-7f9115719000 ---p 00007000 fd:02 324820                     /usr/lib64/librt-2.17.so
7f9115719000-7f911571a000 r--p 00006000 fd:02 324820                     /usr/lib64/librt-2.17.so
7f911571a000-7f911571b000 rw-p 00007000 fd:02 324820                     /usr/lib64/librt-2.17.so
7f911571b000-7f9115730000 r-xp 00000000 fd:02 318866                     /usr/lib64/libgcc_s-4.8.5-20150702.so.1
7f9115730000-7f911592f000 ---p 00015000 fd:02 318866                     /usr/lib64/libgcc_s-4.8.5-20150702.so.1
7f911592f000-7f9115930000 r--p 00014000 fd:02 318866                     /usr/lib64/libgcc_s-4.8.5-20150702.so.1
7f9115930000-7f9115931000 rw-p 00015000 fd:02 318866                     /usr/lib64/libgcc_s-4.8.5-20150702.so.1
7f9115931000-7f9115a32000 r-xp 00000000 fd:02 321417                     /usr/lib64/libm-2.17.so
7f9115a32000-7f9115c31000 ---p 00101000 fd:02 321417                     /usr/lib64/libm-2.17.so
7f9115c31000-7f9115c32000 r--p 00100000 fd:02 321417                     /usr/lib64/libm-2.17.so
7f9115c32000-7f9115c33000 rw-p 00101000 fd:02 321417                     /usr/lib64/libm-2.17.so
7f9115c33000-7f9115d1c000 r-xp 00000000 fd:02 319191                     /usr/lib64/libstdc++.so.6.0.19
7f9115d1c000-7f9115f1c000 ---p 000e9000 fd:02 319191                     /usr/lib64/libstdc++.so.6.0.19
7f9115f1c000-7f9115f24000 r--p 000e9000 fd:02 319191                     /usr/lib64/libstdc++.so.6.0.19
7f9115f24000-7f9115f26000 rw-p 000f1000 fd:02 319191                     /usr/lib64/libstdc++.so.6.0.19
7f9115f26000-7f9115f3b000 rw-p 00000000 00:00 0 
7f9115f3b000-7f9116cde000 r-xp 00000000 fd:02 565251                     /usr/lib/jvm/java-1.8.0-openjdk-1.8.0.392.b08-2.el7_9.x86_64/jre/lib/amd64/server/libjvm.so
7f9116cde000-7f9116ede000 ---p 00da3000 fd:02 565251                     /usr/lib/jvm/java-1.8.0-openjdk-1.8.0.392.b08-2.el7_9.x86_64/jre/lib/amd64/server/libjvm.so
7f9116ede000-7f9116f8c000 r--p 00da3000 fd:02 565251                     /usr/lib/jvm/java-1.8.0-openjdk-1.8.0.392.b08-2.el7_9.x86_64/jre/lib/amd64/server/libjvm.so
7f9116f8c000-7f9116fb7000 rw-p 00e51000 fd:02 565251                     /usr/lib/jvm/java-1.8.0-openjdk-1.8.0.392.b08-2.el7_9.x86_64/jre/lib/amd64/server/libjvm.so
7f9116fb7000-7f9116fed000 rw-p 00000000 00:00 0 
7f9116fed000-7f91171b1000 r-xp 00000000 fd:02 318885                     /usr/lib64/libc-2.17.so
7f91171b1000-7f91173b0000 ---p 001c4000 fd:02 318885                     /usr/lib64/libc-2.17.so
7f91173b0000-7f91173b4000 r--p 001c3000 fd:02 318885                     /usr/lib64/libc-2.17.so
7f91173b4000-7f91173b6000 rw-p 001c7000 fd:02 318885                     /usr/lib64/libc-2.17.so
7f91173b6000-7f91173bb000 rw-p 00000000 00:00 0 
7f91173bb000-7f91173bd000 r-xp 00000000 fd:02 321414                     /usr/lib64/libdl-2.17.so
7f91173bd000-7f91175bd000 ---p 00002000 fd:02 321414                     /usr/lib64/libdl-2.17.so
7f91175bd000-7f91175be000 r--p 00002000 fd:02 321414                     /usr/lib64/libdl-2.17.so
7f91175be000-7f91175bf000 rw-p 00003000 fd:02 321414                     /usr/lib64/libdl-2.17.so
7f91175bf000-7f91175cd000 r-xp 00000000 fd:02 565216                     /usr/lib/jvm/java-1.8.0-openjdk-1.8.0.392.b08-2.el7_9.x86_64/jre/lib/amd64/jli/libjli.so
7f91175cd000-7f91177cc000 ---p 0000e000 fd:02 565216                     /usr/lib/jvm/java-1.8.0-openjdk-1.8.0.392.b08-2.el7_9.x86_64/jre/lib/amd64/jli/libjli.so
7f91177cc000-7f91177cd000 r--p 0000d000 fd:02 565216                     /usr/lib/jvm/java-1.8.0-openjdk-1.8.0.392.b08-2.el7_9.x86_64/jre/lib/amd64/jli/libjli.so
7f91177cd000-7f91177ce000 rw-p 0000e000 fd:02 565216                     /usr/lib/jvm/java-1.8.0-openjdk-1.8.0.392.b08-2.el7_9.x86_64/jre/lib/amd64/jli/libjli.so
7f91177ce000-7f91177e3000 r-xp 00000000 fd:02 318878                     /usr/lib64/libz.so.1.2.7
7f91177e3000-7f91179e2000 ---p 00015000 fd:02 318878                     /usr/lib64/libz.so.1.2.7
7f91179e2000-7f91179e3000 r--p 00014000 fd:02 318878                     /usr/lib64/libz.so.1.2.7
7f91179e3000-7f91179e4000 rw-p 00015000 fd:02 318878                     /usr/lib64/libz.so.1.2.7
7f91179e4000-7f91179fb000 r-xp 00000000 fd:02 318911                     /usr/lib64/libpthread-2.17.so
7f91179fb000-7f9117bfa000 ---p 00017000 fd:02 318911                     /usr/lib64/libpthread-2.17.so
7f9117bfa000-7f9117bfb000 r--p 00016000 fd:02 318911                     /usr/lib64/libpthread-2.17.so
7f9117bfb000-7f9117bfc000 rw-p 00017000 fd:02 318911                     /usr/lib64/libpthread-2.17.so
7f9117bfc000-7f9117c00000 rw-p 00000000 00:00 0 
7f9117c00000-7f9117c22000 r-xp 00000000 fd:02 319547                     /usr/lib64/ld-2.17.so
7f9117c22000-7f9117c23000 rw-p 00000000 00:00 0 
7f9117c23000-7f9117c25000 r--s 00009000 00:28 210653687                  /home/linux/ieng6/oce/7f/k6singh/chat-server-pro/lib/hamcrest-core-1.3.jar
7f9117c25000-7f9117c2b000 r--s 000f6000 fd:02 565276                     /usr/lib/jvm/java-1.8.0-openjdk-1.8.0.392.b08-2.el7_9.x86_64/jre/lib/jfr.jar
7f9117c2b000-7f9117cef000 rw-p 00000000 00:00 0 
7f9117cef000-7f9117cf3000 ---p 00000000 00:00 0 
7f9117cf3000-7f9117e16000 rw-p 00000000 00:00 0 
7f9117e16000-7f9117e1e000 rw-s 00000000 fd:04 90123                      /tmp/hsperfdata_k6singh/2160
7f9117e1e000-7f9117e1f000 rw-p 00000000 00:00 0 
7f9117e1f000-7f9117e20000 ---p 00000000 00:00 0 
7f9117e20000-7f9117e21000 rw-p 00000000 00:00 0 
7f9117e21000-7f9117e22000 r--p 00021000 fd:02 319547                     /usr/lib64/ld-2.17.so
7f9117e22000-7f9117e23000 rw-p 00022000 fd:02 319547                     /usr/lib64/ld-2.17.so
7f9117e23000-7f9117e24000 rw-p 00000000 00:00 0 
7fff8ece8000-7fff8ed0a000 rw-p 00000000 00:00 0                          [stack]
7fff8ed5a000-7fff8ed5c000 r-xp 00000000 00:00 0                          [vdso]
ffffffffff600000-ffffffffff601000 r-xp 00000000 00:00 0                  [vsyscall]

VM Arguments:
java_command: org.junit.runner.JUnitCore SemanticAnalysisHandlerTests
java_class_path (initial): .:lib/hamcrest-core-1.3.jar:lib/junit-4.13.2.jar
Launcher Type: SUN_STANDARD

Environment Variables:
PATH=/usr/lib64/qt-3.3/bin:/home/linux/ieng6/oce/7f/k6singh/perl5/bin:/software/nonrdist64:/software/common/bin:/software/common64/bin:/software/common/mutt/bin:/software/common/TeXLive/bin/i386-linux:/software/common/AcroRead/bin:/usr/local/bin:/usr/bin:/usr/local/sbin:/usr/sbin:/bin:/software/common/pine/bin:/software/MATLAB/bin
SHELL=/usr/bin/bash

Signal Handlers:
SIGSEGV: [libjvm.so+0xb6a6a0], sa_mask[0]=11111111011111111101111111111110, sa_flags=SA_RESTART|SA_SIGINFO
SIGBUS: [libjvm.so+0xb6a6a0], sa_mask[0]=11111111011111111101111111111110, sa_flags=SA_RESTART|SA_SIGINFO
SIGFPE: [libjvm.so+0x93fef0], sa_mask[0]=11111111011111111101111111111110, sa_flags=SA_RESTART|SA_SIGINFO
SIGPIPE: [libjvm.so+0x93fef0], sa_mask[0]=11111111011111111101111111111110, sa_flags=SA_RESTART|SA_SIGINFO
SIGXFSZ: [libjvm.so+0x93fef0], sa_mask[0]=11111111011111111101111111111110, sa_flags=SA_RESTART|SA_SIGINFO
SIGILL: [libjvm.so+0x93fef0], sa_mask[0]=11111111011111111101111111111110, sa_flags=SA_RESTART|SA_SIGINFO
SIGUSR1: SIG_DFL, sa_mask[0]=00000000000000000000000000000000, sa_flags=none
SIGUSR2: [libjvm.so+0x940060], sa_mask[0]=00000000000000000000000000000000, sa_flags=SA_RESTART|SA_SIGINFO
SIGHUP: [libjvm.so+0x93ffb0], sa_mask[0]=11111111011111111101111111111110, sa_flags=SA_RESTART|SA_SIGINFO
SIGINT: [libjvm.so+0x93ffb0], sa_mask[0]=11111111011111111101111111111110, sa_flags=SA_RESTART|SA_SIGINFO
SIGTERM: [libjvm.so+0x93ffb0], sa_mask[0]=11111111011111111101111111111110, sa_flags=SA_RESTART|SA_SIGINFO
SIGQUIT: [libjvm.so+0x93ffb0], sa_mask[0]=11111111011111111101111111111110, sa_flags=SA_RESTART|SA_SIGINFO


---------------  S Y S T E M  ---------------

OS:CentOS Linux release 7.9.2009 (Core)

uname:Linux 3.10.0-1160.105.1.el7.x86_64 #1 SMP Thu Dec 7 15:39:45 UTC 2023 x86_64
libc:glibc 2.17 NPTL 2.17 
rlimit: STACK 8192k, CORE 0k, NPROC 4096, NOFILE 4096, AS infinity
load average:2.04 2.37 1.97

/proc/meminfo:
MemTotal:       65807808 kB
MemFree:          357592 kB
MemAvailable:     488280 kB
Buffers:            8460 kB
Cached:          2010132 kB
SwapCached:        11340 kB
Active:         61081468 kB
Inactive:        3122856 kB
Active(anon):   60847920 kB
Inactive(anon):  2882500 kB
Active(file):     233548 kB
Inactive(file):   240356 kB
Unevictable:       36400 kB
Mlocked:           36400 kB
SwapTotal:       2031612 kB
SwapFree:              0 kB
Dirty:              2500 kB
Writeback:             0 kB
AnonPages:      62211332 kB
Mapped:           110424 kB
Shmem:           1544368 kB
Slab:             289328 kB
SReclaimable:     188668 kB
SUnreclaim:       100660 kB
KernelStack:       23296 kB
PageTables:       184648 kB
NFS_Unstable:          0 kB
Bounce:                0 kB
WritebackTmp:          0 kB
CommitLimit:    34935516 kB
Committed_AS:   110834028 kB
VmallocTotal:   34359738367 kB
VmallocUsed:      249468 kB
VmallocChunk:   34359341052 kB
Percpu:             1760 kB
HardwareCorrupted:     0 kB
AnonHugePages:    202752 kB
CmaTotal:              0 kB
CmaFree:               0 kB
HugePages_Total:       0
HugePages_Free:        0
HugePages_Rsvd:        0
HugePages_Surp:        0
Hugepagesize:       2048 kB
DirectMap4k:      130944 kB
DirectMap2M:     7208960 kB
DirectMap1G:    61865984 kB

container (cgroup) information:
container_type: cgroupv1
cpu_cpuset_cpus: 0-7
cpu_memory_nodes: 0
active_processor_count: 8
cpu_quota: -1
cpu_period: 100000
cpu_shares: -1
memory_limit_in_bytes: -1
memory_and_swap_limit_in_bytes: -1
memory_soft_limit_in_bytes: -1
memory_usage_in_bytes: 65782571008
memory_max_usage_in_bytes: 0


CPU:total 8 (initial active 8) (1 cores per cpu, 1 threads per core) family 6 model 85 stepping 7, cmov, cx8, fxsr, mmx, sse, sse2, sse3, ssse3, sse4.1, sse4.2, popcnt, avx, avx2, aes, clmul, erms, 3dnowpref, lzcnt, tsc, tscinvbit, bmi1, bmi2, adx

/proc/cpuinfo:
processor	: 0
vendor_id	: GenuineIntel
cpu family	: 6
model		: 85
model name	: Intel(R) Xeon(R) Gold 5220 CPU @ 2.20GHz
stepping	: 7
microcode	: 0x5003303
cpu MHz		: 2194.843
cache size	: 25344 KB
physical id	: 0
siblings	: 1
core id		: 0
cpu cores	: 1
apicid		: 0
initial apicid	: 0
fpu		: yes
fpu_exception	: yes
cpuid level	: 22
wp		: yes
flags		: fpu vme de pse tsc msr pae mce cx8 apic sep mtrr pge mca cmov pat pse36 clflush mmx fxsr sse sse2 ss syscall nx pdpe1gb rdtscp lm constant_tsc arch_perfmon nopl xtopology tsc_reliable nonstop_tsc eagerfpu pni pclmulqdq ssse3 fma cx16 pcid sse4_1 sse4_2 x2apic movbe popcnt tsc_deadline_timer aes xsave avx f16c rdrand hypervisor lahf_lm abm 3dnowprefetch invpcid_single ssbd rsb_ctxsw ibrs ibpb stibp ibrs_enhanced fsgsbase tsc_adjust bmi1 avx2 smep bmi2 invpcid avx512f avx512dq rdseed adx smap clflushopt clwb avx512cd avx512bw avx512vl xsaveopt xsavec arat pku ospke md_clear spec_ctrl intel_stibp flush_l1d arch_capabilities
bogomips	: 4389.68
clflush size	: 64
cache_alignment	: 64
address sizes	: 43 bits physical, 48 bits virtual
power management:

processor	: 1
vendor_id	: GenuineIntel
cpu family	: 6
model		: 85
model name	: Intel(R) Xeon(R) Gold 5220 CPU @ 2.20GHz
stepping	: 7
microcode	: 0x5003303
cpu MHz		: 2194.843
cache size	: 25344 KB
physical id	: 2
siblings	: 1
core id		: 0
cpu cores	: 1
apicid		: 2
initial apicid	: 2
fpu		: yes
fpu_exception	: yes
cpuid level	: 22
wp		: yes
flags		: fpu vme de pse tsc msr pae mce cx8 apic sep mtrr pge mca cmov pat pse36 clflush mmx fxsr sse sse2 ss syscall nx pdpe1gb rdtscp lm constant_tsc arch_perfmon nopl xtopology tsc_reliable nonstop_tsc eagerfpu pni pclmulqdq ssse3 fma cx16 pcid sse4_1 sse4_2 x2apic movbe popcnt tsc_deadline_timer aes xsave avx f16c rdrand hypervisor lahf_lm abm 3dnowprefetch invpcid_single ssbd rsb_ctxsw ibrs ibpb stibp ibrs_enhanced fsgsbase tsc_adjust bmi1 avx2 smep bmi2 invpcid avx512f avx512dq rdseed adx smap clflushopt clwb avx512cd avx512bw avx512vl xsaveopt xsavec arat pku ospke md_clear spec_ctrl intel_stibp flush_l1d arch_capabilities
bogomips	: 4389.68
clflush size	: 64
cache_alignment	: 64
address sizes	: 43 bits physical, 48 bits virtual
power management:

processor	: 2
vendor_id	: GenuineIntel
cpu family	: 6
model		: 85
model name	: Intel(R) Xeon(R) Gold 5220 CPU @ 2.20GHz
stepping	: 7
microcode	: 0x5003303
cpu MHz		: 2194.843
cache size	: 25344 KB
physical id	: 4
siblings	: 1
core id		: 0
cpu cores	: 1
apicid		: 4
initial apicid	: 4
fpu		: yes
fpu_exception	: yes
cpuid level	: 22
wp		: yes
flags		: fpu vme de pse tsc msr pae mce cx8 apic sep mtrr pge mca cmov pat pse36 clflush mmx fxsr sse sse2 ss syscall nx pdpe1gb rdtscp lm constant_tsc arch_perfmon nopl xtopology tsc_reliable nonstop_tsc eagerfpu pni pclmulqdq ssse3 fma cx16 pcid sse4_1 sse4_2 x2apic movbe popcnt tsc_deadline_timer aes xsave avx f16c rdrand hypervisor lahf_lm abm 3dnowprefetch invpcid_single ssbd rsb_ctxsw ibrs ibpb stibp ibrs_enhanced fsgsbase tsc_adjust bmi1 avx2 smep bmi2 invpcid avx512f avx512dq rdseed adx smap clflushopt clwb avx512cd avx512bw avx512vl xsaveopt xsavec arat pku ospke md_clear spec_ctrl intel_stibp flush_l1d arch_capabilities
bogomips	: 4389.68
clflush size	: 64
cache_alignment	: 64
address sizes	: 43 bits physical, 48 bits virtual
power management:

processor	: 3
vendor_id	: GenuineIntel
cpu family	: 6
model		: 85
model name	: Intel(R) Xeon(R) Gold 5220 CPU @ 2.20GHz
stepping	: 7
microcode	: 0x5003303
cpu MHz		: 2194.843
cache size	: 25344 KB
physical id	: 6
siblings	: 1
core id		: 0
cpu cores	: 1
apicid		: 6
initial apicid	: 6
fpu		: yes
fpu_exception	: yes
cpuid level	: 22
wp		: yes
flags		: fpu vme de pse tsc msr pae mce cx8 apic sep mtrr pge mca cmov pat pse36 clflush mmx fxsr sse sse2 ss syscall nx pdpe1gb rdtscp lm constant_tsc arch_perfmon nopl xtopology tsc_reliable nonstop_tsc eagerfpu pni pclmulqdq ssse3 fma cx16 pcid sse4_1 sse4_2 x2apic movbe popcnt tsc_deadline_timer aes xsave avx f16c rdrand hypervisor lahf_lm abm 3dnowprefetch invpcid_single ssbd rsb_ctxsw ibrs ibpb stibp ibrs_enhanced fsgsbase tsc_adjust bmi1 avx2 smep bmi2 invpcid avx512f avx512dq rdseed adx smap clflushopt clwb avx512cd avx512bw avx512vl xsaveopt xsavec arat pku ospke md_clear spec_ctrl intel_stibp flush_l1d arch_capabilities
bogomips	: 4389.68
clflush size	: 64
cache_alignment	: 64
address sizes	: 43 bits physical, 48 bits virtual
power management:

processor	: 4
vendor_id	: GenuineIntel
cpu family	: 6
model		: 85
model name	: Intel(R) Xeon(R) Gold 5220 CPU @ 2.20GHz
stepping	: 7
microcode	: 0x5003303
cpu MHz		: 2194.843
cache size	: 25344 KB
physical id	: 8
siblings	: 1
core id		: 0
cpu cores	: 1
apicid		: 8
initial apicid	: 8
fpu		: yes
fpu_exception	: yes
cpuid level	: 22
wp		: yes
flags		: fpu vme de pse tsc msr pae mce cx8 apic sep mtrr pge mca cmov pat pse36 clflush mmx fxsr sse sse2 ss syscall nx pdpe1gb rdtscp lm constant_tsc arch_perfmon nopl xtopology tsc_reliable nonstop_tsc eagerfpu pni pclmulqdq ssse3 fma cx16 pcid sse4_1 sse4_2 x2apic movbe popcnt tsc_deadline_timer aes xsave avx f16c rdrand hypervisor lahf_lm abm 3dnowprefetch invpcid_single ssbd rsb_ctxsw ibrs ibpb stibp ibrs_enhanced fsgsbase tsc_adjust bmi1 avx2 smep bmi2 invpcid avx512f avx512dq rdseed adx smap clflushopt clwb avx512cd avx512bw avx512vl xsaveopt xsavec arat pku ospke md_clear spec_ctrl intel_stibp flush_l1d arch_capabilities
bogomips	: 4389.68
clflush size	: 64
cache_alignment	: 64
address sizes	: 43 bits physical, 48 bits virtual
power management:

processor	: 5
vendor_id	: GenuineIntel
cpu family	: 6
model		: 85
model name	: Intel(R) Xeon(R) Gold 5220 CPU @ 2.20GHz
stepping	: 7
microcode	: 0x5003303
cpu MHz		: 2194.843
cache size	: 25344 KB
physical id	: 10
siblings	: 1
core id		: 0
cpu cores	: 1
apicid		: 10
initial apicid	: 10
fpu		: yes
fpu_exception	: yes
cpuid level	: 22
wp		: yes
flags		: fpu vme de pse tsc msr pae mce cx8 apic sep mtrr pge mca cmov pat pse36 clflush mmx fxsr sse sse2 ss syscall nx pdpe1gb rdtscp lm constant_tsc arch_perfmon nopl xtopology tsc_reliable nonstop_tsc eagerfpu pni pclmulqdq ssse3 fma cx16 pcid sse4_1 sse4_2 x2apic movbe popcnt tsc_deadline_timer aes xsave avx f16c rdrand hypervisor lahf_lm abm 3dnowprefetch invpcid_single ssbd rsb_ctxsw ibrs ibpb stibp ibrs_enhanced fsgsbase tsc_adjust bmi1 avx2 smep bmi2 invpcid avx512f avx512dq rdseed adx smap clflushopt clwb avx512cd avx512bw avx512vl xsaveopt xsavec arat pku ospke md_clear spec_ctrl intel_stibp flush_l1d arch_capabilities
bogomips	: 4389.68
clflush size	: 64
cache_alignment	: 64
address sizes	: 43 bits physical, 48 bits virtual
power management:

processor	: 6
vendor_id	: GenuineIntel
cpu family	: 6
model		: 85
model name	: Intel(R) Xeon(R) Gold 5220 CPU @ 2.20GHz
stepping	: 7
microcode	: 0x5003303
cpu MHz		: 2194.843
cache size	: 25344 KB
physical id	: 12
siblings	: 1
core id		: 0
cpu cores	: 1
apicid		: 12
initial apicid	: 12
fpu		: yes
fpu_exception	: yes
cpuid level	: 22
wp		: yes
flags		: fpu vme de pse tsc msr pae mce cx8 apic sep mtrr pge mca cmov pat pse36 clflush mmx fxsr sse sse2 ss syscall nx pdpe1gb rdtscp lm constant_tsc arch_perfmon nopl xtopology tsc_reliable nonstop_tsc eagerfpu pni pclmulqdq ssse3 fma cx16 pcid sse4_1 sse4_2 x2apic movbe popcnt tsc_deadline_timer aes xsave avx f16c rdrand hypervisor lahf_lm abm 3dnowprefetch invpcid_single ssbd rsb_ctxsw ibrs ibpb stibp ibrs_enhanced fsgsbase tsc_adjust bmi1 avx2 smep bmi2 invpcid avx512f avx512dq rdseed adx smap clflushopt clwb avx512cd avx512bw avx512vl xsaveopt xsavec arat pku ospke md_clear spec_ctrl intel_stibp flush_l1d arch_capabilities
bogomips	: 4389.68
clflush size	: 64
cache_alignment	: 64
address sizes	: 43 bits physical, 48 bits virtual
power management:

processor	: 7
vendor_id	: GenuineIntel
cpu family	: 6
model		: 85
model name	: Intel(R) Xeon(R) Gold 5220 CPU @ 2.20GHz
stepping	: 7
microcode	: 0x5003303
cpu MHz		: 2194.843
cache size	: 25344 KB
physical id	: 14
siblings	: 1
core id		: 0
cpu cores	: 1
apicid		: 14
initial apicid	: 14
fpu		: yes
fpu_exception	: yes
cpuid level	: 22
wp		: yes
flags		: fpu vme de pse tsc msr pae mce cx8 apic sep mtrr pge mca cmov pat pse36 clflush mmx fxsr sse sse2 ss syscall nx pdpe1gb rdtscp lm constant_tsc arch_perfmon nopl xtopology tsc_reliable nonstop_tsc eagerfpu pni pclmulqdq ssse3 fma cx16 pcid sse4_1 sse4_2 x2apic movbe popcnt tsc_deadline_timer aes xsave avx f16c rdrand hypervisor lahf_lm abm 3dnowprefetch invpcid_single ssbd rsb_ctxsw ibrs ibpb stibp ibrs_enhanced fsgsbase tsc_adjust bmi1 avx2 smep bmi2 invpcid avx512f avx512dq rdseed adx smap clflushopt clwb avx512cd avx512bw avx512vl xsaveopt xsavec arat pku ospke md_clear spec_ctrl intel_stibp flush_l1d arch_capabilities
bogomips	: 4389.68
clflush size	: 64
cache_alignment	: 64
address sizes	: 43 bits physical, 48 bits virtual
power management:



Memory: 4k page, physical 65807808k(357220k free), swap 2031612k(0k free)

vm_info: OpenJDK 64-Bit Server VM (25.392-b08) for linux-amd64 JRE (1.8.0_392-b08), built on Nov 14 2023 16:31:55 by "mockbuild" with gcc 4.8.5 20150623 (Red Hat 4.8.5-44)

time: Thu Feb 29 12:43:11 2024
timezone: PST
elapsed time: 1.665323 seconds (0d 0h 0m 1s)

